{"/Users/charlhye/Documents/GitHub/Lab-Web-Tareas/Final/app/src/App.js": {"path":"/Users/charlhye/Documents/GitHub/Lab-Web-Tareas/Final/app/src/App.js","statementMap":{"0":{"start":{"line":1,"column":0},"end":{"line":null,"column":-1}},"1":{"start":{"line":2,"column":0},"end":{"line":null,"column":-1}},"2":{"start":{"line":3,"column":0},"end":{"line":null,"column":-1}},"3":{"start":{"line":4,"column":0},"end":{"line":null,"column":-1}},"4":{"start":{"line":5,"column":0},"end":{"line":null,"column":-1}},"5":{"start":{"line":6,"column":0},"end":{"line":null,"column":-1}},"6":{"start":{"line":7,"column":0},"end":{"line":null,"column":-1}},"7":{"start":{"line":8,"column":0},"end":{"line":null,"column":-1}},"8":{"start":{"line":12,"column":21},"end":{"line":12,"column":8}},"9":{"start":{"line":22,"column":8},"end":{"line":null,"column":-1}},"10":{"start":{"line":23,"column":8},"end":{"line":null,"column":-1}},"11":{"start":{"line":24,"column":8},"end":{"line":null,"column":-1}},"12":{"start":{"line":28,"column":8},"end":{"line":null,"column":-1}}},"fnMap":{"0":{"name":"(anonymous_0)","decl":{"start":{"line":11,"column":4},"end":{"line":11,"column":21}},"loc":{"start":{"line":11,"column":25},"end":{"line":25,"column":5}}},"1":{"name":"(anonymous_1)","decl":{"start":{"line":27,"column":4},"end":{"line":27,"column":9}},"loc":{"start":{"line":27,"column":13},"end":{"line":34,"column":5}}}},"branchMap":{},"s":{"0":0,"1":0,"2":0,"3":0,"4":0,"5":0,"6":0,"7":0,"8":0,"9":0,"10":0,"11":0,"12":0},"f":{"0":0,"1":0},"b":{}}
,"/Users/charlhye/Documents/GitHub/Lab-Web-Tareas/Final/app/src/index.js": {"path":"/Users/charlhye/Documents/GitHub/Lab-Web-Tareas/Final/app/src/index.js","statementMap":{"0":{"start":{"line":1,"column":0},"end":{"line":null,"column":-1}},"1":{"start":{"line":2,"column":0},"end":{"line":null,"column":-1}},"2":{"start":{"line":3,"column":0},"end":{"line":null,"column":-1}},"3":{"start":{"line":4,"column":0},"end":{"line":null,"column":-1}},"4":{"start":{"line":5,"column":0},"end":{"line":null,"column":-1}},"5":{"start":{"line":12,"column":0},"end":{"line":null,"column":-1}}},"fnMap":{},"branchMap":{},"s":{"0":0,"1":0,"2":0,"3":0,"4":0,"5":0},"f":{},"b":{}}
,"/Users/charlhye/Documents/GitHub/Lab-Web-Tareas/Final/app/src/serviceWorker.js": {"path":"/Users/charlhye/Documents/GitHub/Lab-Web-Tareas/Final/app/src/serviceWorker.js","statementMap":{"0":{"start":{"line":13,"column":20},"end":{"line":13,"column":0}},"1":{"start":{"line":24,"column":2},"end":{"line":54,"column":3}},"2":{"start":{"line":26,"column":22},"end":{"line":26,"column":4}},"3":{"start":{"line":27,"column":4},"end":{"line":32,"column":5}},"4":{"start":{"line":31,"column":6},"end":{"line":null,"column":-1}},"5":{"start":{"line":34,"column":4},"end":{"line":null,"column":-1}},"6":{"start":{"line":35,"column":21},"end":{"line":35,"column":6}},"7":{"start":{"line":37,"column":6},"end":{"line":52,"column":7}},"8":{"start":{"line":39,"column":8},"end":{"line":37,"column":23}},"9":{"start":{"line":43,"column":8},"end":{"line":null,"column":-1}},"10":{"start":{"line":44,"column":10},"end":{"line":null,"column":-1}},"11":{"start":{"line":51,"column":8},"end":{"line":null,"column":-1}},"12":{"start":{"line":58,"column":2},"end":{"line":null,"column":-1}},"13":{"start":{"line":61,"column":6},"end":{"line":null,"column":-1}},"14":{"start":{"line":62,"column":33},"end":{"line":62,"column":8}},"15":{"start":{"line":63,"column":8},"end":{"line":65,"column":9}},"16":{"start":{"line":64,"column":10},"end":{"line":null,"column":-1}},"17":{"start":{"line":66,"column":8},"end":{"line":null,"column":-1}},"18":{"start":{"line":67,"column":10},"end":{"line":92,"column":11}},"19":{"start":{"line":68,"column":12},"end":{"line":91,"column":13}},"20":{"start":{"line":72,"column":14},"end":{"line":68,"column":52}},"21":{"start":{"line":78,"column":14},"end":{"line":80,"column":15}},"22":{"start":{"line":79,"column":16},"end":{"line":null,"column":-1}},"23":{"start":{"line":85,"column":14},"end":{"line":81,"column":19}},"24":{"start":{"line":88,"column":14},"end":{"line":90,"column":15}},"25":{"start":{"line":89,"column":16},"end":{"line":null,"column":-1}},"26":{"start":{"line":97,"column":6},"end":{"line":null,"column":-1}},"27":{"start":{"line":103,"column":2},"end":{"line":null,"column":-1}},"28":{"start":{"line":106,"column":26},"end":{"line":106,"column":6}},"29":{"start":{"line":107,"column":6},"end":{"line":120,"column":7}},"30":{"start":{"line":112,"column":8},"end":{"line":null,"column":-1}},"31":{"start":{"line":113,"column":10},"end":{"line":null,"column":-1}},"32":{"start":{"line":114,"column":12},"end":{"line":null,"column":-1}},"33":{"start":{"line":119,"column":8},"end":{"line":null,"column":-1}},"34":{"start":{"line":123,"column":6},"end":{"line":null,"column":-1}},"35":{"start":{"line":130,"column":2},"end":{"line":134,"column":3}},"36":{"start":{"line":131,"column":4},"end":{"line":null,"column":-1}},"37":{"start":{"line":132,"column":6},"end":{"line":null,"column":-1}}},"fnMap":{"0":{"name":"register","decl":{"start":{"line":23,"column":16},"end":{"line":23,"column":7}},"loc":{"start":{"line":23,"column":33},"end":{"line":55,"column":1}}},"1":{"name":"(anonymous_1)","decl":{"start":{"line":34,"column":36},"end":{"line":34,"column":41}},"loc":{"start":{"line":34,"column":42},"end":{"line":34,"column":4}}},"2":{"name":"(anonymous_2)","decl":{"start":{"line":43,"column":43},"end":{"line":43,"column":48}},"loc":{"start":{"line":43,"column":49},"end":{"line":43,"column":8}}},"3":{"name":"registerValidSW","decl":{"start":{"line":57,"column":9},"end":{"line":57,"column":0}},"loc":{"start":{"line":57,"column":40},"end":{"line":99,"column":1}}},"4":{"name":"(anonymous_4)","decl":{"start":{"line":60,"column":10},"end":{"line":60,"column":21}},"loc":{"start":{"line":60,"column":26},"end":{"line":58,"column":2}}},"5":{"name":"(anonymous_5)","decl":{"start":{"line":61,"column":35},"end":{"line":61,"column":40}},"loc":{"start":{"line":61,"column":41},"end":{"line":61,"column":6}}},"6":{"name":"(anonymous_6)","decl":{"start":{"line":66,"column":41},"end":{"line":66,"column":46}},"loc":{"start":{"line":66,"column":47},"end":{"line":66,"column":8}}},"7":{"name":"(anonymous_7)","decl":{"start":{"line":96,"column":11},"end":{"line":96,"column":15}},"loc":{"start":{"line":96,"column":20},"end":{"line":58,"column":2}}},"8":{"name":"checkValidServiceWorker","decl":{"start":{"line":101,"column":9},"end":{"line":101,"column":0}},"loc":{"start":{"line":101,"column":48},"end":{"line":127,"column":1}}},"9":{"name":"(anonymous_9)","decl":{"start":{"line":104,"column":10},"end":{"line":104,"column":17}},"loc":{"start":{"line":104,"column":22},"end":{"line":103,"column":2}}},"10":{"name":"(anonymous_10)","decl":{"start":{"line":112,"column":43},"end":{"line":112,"column":54}},"loc":{"start":{"line":112,"column":59},"end":{"line":112,"column":8}}},"11":{"name":"(anonymous_11)","decl":{"start":{"line":113,"column":41},"end":{"line":113,"column":46}},"loc":{"start":{"line":113,"column":47},"end":{"line":113,"column":10}}},"12":{"name":"(anonymous_12)","decl":{"start":{"line":122,"column":11},"end":{"line":122,"column":16}},"loc":{"start":{"line":122,"column":17},"end":{"line":103,"column":2}}},"13":{"name":"unregister","decl":{"start":{"line":129,"column":16},"end":{"line":129,"column":7}},"loc":{"start":{"line":129,"column":29},"end":{"line":135,"column":1}}},"14":{"name":"(anonymous_14)","decl":{"start":{"line":131,"column":39},"end":{"line":131,"column":50}},"loc":{"start":{"line":131,"column":55},"end":{"line":131,"column":4}}}},"branchMap":{"0":{"loc":{"start":{"line":14,"column":2},"end":{"line":14,"column":1}},"type":"binary-expr","locations":[{"start":{"line":14,"column":2},"end":{"line":14,"column":1}},{"start":{"line":16,"column":4},"end":{"line":14,"column":2}},{"start":{"line":18,"column":4},"end":{"line":13,"column":27}}]},"1":{"loc":{"start":{"line":24,"column":2},"end":{"line":54,"column":3}},"type":"if","locations":[{"start":{"line":24,"column":2},"end":{"line":54,"column":3}},{"start":{"line":24,"column":2},"end":{"line":54,"column":3}}]},"2":{"loc":{"start":{"line":24,"column":6},"end":{"line":24,"column":5}},"type":"binary-expr","locations":[{"start":{"line":24,"column":6},"end":{"line":24,"column":5}},{"start":{"line":24,"column":47},"end":{"line":24,"column":2}}]},"3":{"loc":{"start":{"line":27,"column":4},"end":{"line":32,"column":5}},"type":"if","locations":[{"start":{"line":27,"column":4},"end":{"line":32,"column":5}},{"start":{"line":27,"column":4},"end":{"line":32,"column":5}}]},"4":{"loc":{"start":{"line":37,"column":6},"end":{"line":52,"column":7}},"type":"if","locations":[{"start":{"line":37,"column":6},"end":{"line":52,"column":7}},{"start":{"line":37,"column":6},"end":{"line":52,"column":7}}]},"5":{"loc":{"start":{"line":63,"column":8},"end":{"line":65,"column":9}},"type":"if","locations":[{"start":{"line":63,"column":8},"end":{"line":65,"column":9}},{"start":{"line":63,"column":8},"end":{"line":65,"column":9}}]},"6":{"loc":{"start":{"line":67,"column":10},"end":{"line":92,"column":11}},"type":"if","locations":[{"start":{"line":67,"column":10},"end":{"line":92,"column":11}},{"start":{"line":67,"column":10},"end":{"line":92,"column":11}}]},"7":{"loc":{"start":{"line":68,"column":12},"end":{"line":91,"column":13}},"type":"if","locations":[{"start":{"line":68,"column":12},"end":{"line":91,"column":13}},{"start":{"line":68,"column":12},"end":{"line":91,"column":13}}]},"8":{"loc":{"start":{"line":78,"column":14},"end":{"line":80,"column":15}},"type":"if","locations":[{"start":{"line":78,"column":14},"end":{"line":80,"column":15}},{"start":{"line":78,"column":14},"end":{"line":80,"column":15}}]},"9":{"loc":{"start":{"line":78,"column":18},"end":{"line":78,"column":24}},"type":"binary-expr","locations":[{"start":{"line":78,"column":18},"end":{"line":78,"column":24}},{"start":{"line":78,"column":28},"end":{"line":78,"column":14}}]},"10":{"loc":{"start":{"line":88,"column":14},"end":{"line":90,"column":15}},"type":"if","locations":[{"start":{"line":88,"column":14},"end":{"line":90,"column":15}},{"start":{"line":88,"column":14},"end":{"line":90,"column":15}}]},"11":{"loc":{"start":{"line":88,"column":18},"end":{"line":88,"column":24}},"type":"binary-expr","locations":[{"start":{"line":88,"column":18},"end":{"line":88,"column":24}},{"start":{"line":88,"column":28},"end":{"line":88,"column":14}}]},"12":{"loc":{"start":{"line":107,"column":6},"end":{"line":120,"column":7}},"type":"if","locations":[{"start":{"line":107,"column":6},"end":{"line":120,"column":7}},{"start":{"line":107,"column":6},"end":{"line":120,"column":7}}]},"13":{"loc":{"start":{"line":108,"column":8},"end":{"line":108,"column":7}},"type":"binary-expr","locations":[{"start":{"line":108,"column":8},"end":{"line":108,"column":7}},{"start":{"line":109,"column":9},"end":{"line":109,"column":8}},{"start":{"line":109,"column":32},"end":{"line":107,"column":6}}]},"14":{"loc":{"start":{"line":130,"column":2},"end":{"line":134,"column":3}},"type":"if","locations":[{"start":{"line":130,"column":2},"end":{"line":134,"column":3}},{"start":{"line":130,"column":2},"end":{"line":134,"column":3}}]}},"s":{"0":0,"1":0,"2":0,"3":0,"4":0,"5":0,"6":0,"7":0,"8":0,"9":0,"10":0,"11":0,"12":0,"13":0,"14":0,"15":0,"16":0,"17":0,"18":0,"19":0,"20":0,"21":0,"22":0,"23":0,"24":0,"25":0,"26":0,"27":0,"28":0,"29":0,"30":0,"31":0,"32":0,"33":0,"34":0,"35":0,"36":0,"37":0},"f":{"0":0,"1":0,"2":0,"3":0,"4":0,"5":0,"6":0,"7":0,"8":0,"9":0,"10":0,"11":0,"12":0,"13":0,"14":0},"b":{"0":[0,0,0],"1":[0,0],"2":[0,0],"3":[0,0],"4":[0,0],"5":[0,0],"6":[0,0],"7":[0,0],"8":[0,0],"9":[0,0],"10":[0,0],"11":[0,0],"12":[0,0],"13":[0,0,0],"14":[0,0]}}
,"/Users/charlhye/Documents/GitHub/Lab-Web-Tareas/Final/app/src/actions/Action.js": {"path":"/Users/charlhye/Documents/GitHub/Lab-Web-Tareas/Final/app/src/actions/Action.js","statementMap":{"0":{"start":{"line":3,"column":0},"end":{"line":null,"column":-1}},"1":{"start":{"line":4,"column":0},"end":{"line":null,"column":-1}},"2":{"start":{"line":5,"column":20},"end":{"line":5,"column":0}},"3":{"start":{"line":8,"column":12},"end":{"line":null,"column":-1}},"4":{"start":{"line":11,"column":4},"end":{"line":null,"column":-1}},"5":{"start":{"line":16,"column":4},"end":{"line":null,"column":-1}},"6":{"start":{"line":19,"column":4},"end":{"line":null,"column":-1}},"7":{"start":{"line":24,"column":4},"end":{"line":null,"column":-1}},"8":{"start":{"line":27,"column":4},"end":{"line":null,"column":-1}},"9":{"start":{"line":33,"column":4},"end":{"line":null,"column":-1}},"10":{"start":{"line":36,"column":4},"end":{"line":null,"column":-1}},"11":{"start":{"line":42,"column":4},"end":{"line":null,"column":-1}}},"fnMap":{"0":{"name":"(anonymous_0)","decl":{"start":{"line":8,"column":12},"end":{"line":null,"column":-1}},"loc":{"start":{"line":8,"column":12},"end":{"line":null,"column":-1}}},"1":{"name":"(anonymous_1)","decl":{"start":{"line":10,"column":20},"end":{"line":10,"column":18}},"loc":{"start":{"line":10,"column":35},"end":{"line":8,"column":12}}},"2":{"name":"(anonymous_2)","decl":{"start":{"line":18,"column":2},"end":{"line":18,"column":16}},"loc":{"start":{"line":18,"column":31},"end":{"line":25,"column":3}}},"3":{"name":"(anonymous_3)","decl":{"start":{"line":26,"column":2},"end":{"line":26,"column":15}},"loc":{"start":{"line":26,"column":32},"end":{"line":34,"column":3}}},"4":{"name":"(anonymous_4)","decl":{"start":{"line":35,"column":2},"end":{"line":35,"column":17}},"loc":{"start":{"line":35,"column":39},"end":{"line":43,"column":3}}}},"branchMap":{},"s":{"0":0,"1":0,"2":0,"3":0,"4":0,"5":0,"6":0,"7":0,"8":0,"9":0,"10":0,"11":0},"f":{"0":0,"1":0,"2":0,"3":0,"4":0},"b":{}}
,"/Users/charlhye/Documents/GitHub/Lab-Web-Tareas/Final/app/src/actions/ServerActions.js": {"path":"/Users/charlhye/Documents/GitHub/Lab-Web-Tareas/Final/app/src/actions/ServerActions.js","statementMap":{"0":{"start":{"line":3,"column":0},"end":{"line":null,"column":-1}},"1":{"start":{"line":4,"column":20},"end":{"line":4,"column":0}},"2":{"start":{"line":10,"column":4},"end":{"line":null,"column":-1}},"3":{"start":{"line":16,"column":4},"end":{"line":null,"column":-1}},"4":{"start":{"line":22,"column":4},"end":{"line":null,"column":-1}},"5":{"start":{"line":28,"column":4},"end":{"line":null,"column":-1}}},"fnMap":{"0":{"name":"(anonymous_0)","decl":{"start":{"line":9,"column":2},"end":{"line":9,"column":19}},"loc":{"start":{"line":9,"column":31},"end":{"line":14,"column":3}}},"1":{"name":"(anonymous_1)","decl":{"start":{"line":15,"column":2},"end":{"line":15,"column":20}},"loc":{"start":{"line":15,"column":32},"end":{"line":20,"column":3}}},"2":{"name":"(anonymous_2)","decl":{"start":{"line":21,"column":2},"end":{"line":21,"column":19}},"loc":{"start":{"line":21,"column":31},"end":{"line":26,"column":3}}},"3":{"name":"(anonymous_3)","decl":{"start":{"line":27,"column":2},"end":{"line":27,"column":17}},"loc":{"start":{"line":27,"column":29},"end":{"line":32,"column":3}}}},"branchMap":{},"s":{"0":0,"1":0,"2":0,"3":0,"4":0,"5":0},"f":{"0":0,"1":0,"2":0,"3":0},"b":{}}
,"/Users/charlhye/Documents/GitHub/Lab-Web-Tareas/Final/app/src/components/Header.js": {"path":"/Users/charlhye/Documents/GitHub/Lab-Web-Tareas/Final/app/src/components/Header.js","statementMap":{"0":{"start":{"line":6,"column":8},"end":{"line":6,"column":21}},"1":{"start":{"line":7,"column":8},"end":{"line":10,"column":10}},"2":{"start":{"line":14,"column":8},"end":{"line":25,"column":9}},"3":{"start":{"line":15,"column":12},"end":{"line":24,"column":13}},"4":{"start":{"line":16,"column":16},"end":{"line":16,"column":35}},"5":{"start":{"line":17,"column":16},"end":{"line":17,"column":51}},"6":{"start":{"line":20,"column":16},"end":{"line":23,"column":19}},"7":{"start":{"line":29,"column":8},"end":{"line":29,"column":90}},"8":{"start":{"line":29,"column":29},"end":{"line":29,"column":90}},"9":{"start":{"line":31,"column":8},"end":{"line":45,"column":14}}},"fnMap":{"0":{"name":"(anonymous_0)","decl":{"start":{"line":5,"column":4},"end":{"line":5,"column":5}},"loc":{"start":{"line":5,"column":23},"end":{"line":11,"column":5}},"line":5},"1":{"name":"(anonymous_1)","decl":{"start":{"line":13,"column":25},"end":{"line":13,"column":26}},"loc":{"start":{"line":13,"column":32},"end":{"line":26,"column":5}},"line":13},"2":{"name":"(anonymous_2)","decl":{"start":{"line":28,"column":4},"end":{"line":28,"column":5}},"loc":{"start":{"line":28,"column":13},"end":{"line":46,"column":5}},"line":28}},"branchMap":{"0":{"loc":{"start":{"line":14,"column":8},"end":{"line":25,"column":9}},"type":"if","locations":[{"start":{"line":14,"column":8},"end":{"line":25,"column":9}},{"start":{"line":14,"column":8},"end":{"line":25,"column":9}}],"line":14},"1":{"loc":{"start":{"line":15,"column":12},"end":{"line":24,"column":13}},"type":"if","locations":[{"start":{"line":15,"column":12},"end":{"line":24,"column":13}},{"start":{"line":15,"column":12},"end":{"line":24,"column":13}}],"line":15},"2":{"loc":{"start":{"line":29,"column":8},"end":{"line":29,"column":90}},"type":"if","locations":[{"start":{"line":29,"column":8},"end":{"line":29,"column":90}},{"start":{"line":29,"column":8},"end":{"line":29,"column":90}}],"line":29}},"s":{"0":1,"1":1,"2":0,"3":0,"4":0,"5":0,"6":0,"7":1,"8":0,"9":1},"f":{"0":1,"1":0,"2":1},"b":{"0":[0,0],"1":[0,0],"2":[0,1]},"_coverageSchema":"332fd63041d2c1bcb487cc26dd0d5f7d97098a6c","hash":"bd6ff9509286ae123ae5b8ad45a86e4d6f9db4fb"}
,"/Users/charlhye/Documents/GitHub/Lab-Web-Tareas/Final/app/src/components/Home.js": {"path":"/Users/charlhye/Documents/GitHub/Lab-Web-Tareas/Final/app/src/components/Home.js","statementMap":{"0":{"start":{"line":15,"column":8},"end":{"line":15,"column":27}},"1":{"start":{"line":16,"column":23},"end":{"line":16,"column":70}},"2":{"start":{"line":17,"column":23},"end":{"line":17,"column":70}},"3":{"start":{"line":18,"column":8},"end":{"line":18,"column":40}},"4":{"start":{"line":19,"column":8},"end":{"line":39,"column":10}},"5":{"start":{"line":20,"column":12},"end":{"line":28,"column":14}},"6":{"start":{"line":21,"column":16},"end":{"line":21,"column":72}},"7":{"start":{"line":22,"column":16},"end":{"line":22,"column":78}},"8":{"start":{"line":24,"column":16},"end":{"line":27,"column":18}},"9":{"start":{"line":38,"column":12},"end":{"line":38,"column":29}},"10":{"start":{"line":43,"column":8},"end":{"line":70,"column":69}}},"fnMap":{"0":{"name":"(anonymous_0)","decl":{"start":{"line":14,"column":22},"end":{"line":14,"column":23}},"loc":{"start":{"line":14,"column":29},"end":{"line":41,"column":5}},"line":14},"1":{"name":"(anonymous_1)","decl":{"start":{"line":19,"column":76},"end":{"line":19,"column":77}},"loc":{"start":{"line":19,"column":84},"end":{"line":37,"column":9}},"line":19},"2":{"name":"(anonymous_2)","decl":{"start":{"line":20,"column":69},"end":{"line":20,"column":70}},"loc":{"start":{"line":20,"column":78},"end":{"line":28,"column":13}},"line":20},"3":{"name":"(anonymous_3)","decl":{"start":{"line":37,"column":17},"end":{"line":37,"column":18}},"loc":{"start":{"line":37,"column":24},"end":{"line":39,"column":9}},"line":37},"4":{"name":"(anonymous_4)","decl":{"start":{"line":42,"column":4},"end":{"line":42,"column":5}},"loc":{"start":{"line":42,"column":13},"end":{"line":71,"column":5}},"line":42}},"branchMap":{"0":{"loc":{"start":{"line":43,"column":15},"end":{"line":70,"column":69}},"type":"cond-expr","locations":[{"start":{"line":44,"column":12},"end":{"line":69,"column":18}},{"start":{"line":70,"column":12},"end":{"line":70,"column":69}}],"line":43}},"s":{"0":0,"1":0,"2":0,"3":0,"4":0,"5":0,"6":0,"7":0,"8":0,"9":0,"10":1},"f":{"0":0,"1":0,"2":0,"3":0,"4":1},"b":{"0":[1,0]},"_coverageSchema":"332fd63041d2c1bcb487cc26dd0d5f7d97098a6c","hash":"94076e12d723976cd8189d7702296e18fd47419d"}
,"/Users/charlhye/Documents/GitHub/Lab-Web-Tareas/Final/app/src/components/NavBar.js": {"path":"/Users/charlhye/Documents/GitHub/Lab-Web-Tareas/Final/app/src/components/NavBar.js","statementMap":{"0":{"start":{"line":1,"column":0},"end":{"line":null,"column":-1}},"1":{"start":{"line":2,"column":0},"end":{"line":null,"column":-1}},"2":{"start":{"line":3,"column":0},"end":{"line":null,"column":-1}},"3":{"start":{"line":4,"column":0},"end":{"line":null,"column":-1}},"4":{"start":{"line":5,"column":0},"end":{"line":null,"column":-1}},"5":{"start":{"line":6,"column":0},"end":{"line":null,"column":-1}},"6":{"start":{"line":7,"column":0},"end":{"line":null,"column":-1}},"7":{"start":{"line":8,"column":0},"end":{"line":null,"column":-1}},"8":{"start":{"line":9,"column":0},"end":{"line":null,"column":-1}},"9":{"start":{"line":15,"column":15},"end":{"line":15,"column":0}},"10":{"start":{"line":31,"column":21},"end":{"line":30,"column":23}},"11":{"start":{"line":32,"column":1},"end":{"line":null,"column":-1}},"12":{"start":{"line":49,"column":0},"end":{"line":null,"column":-1}}},"fnMap":{"0":{"name":"NavBar","decl":{"start":{"line":30,"column":9},"end":{"line":30,"column":0}},"loc":{"start":{"line":30,"column":23},"end":{"line":47,"column":1}}}},"branchMap":{},"s":{"0":0,"1":0,"2":0,"3":0,"4":0,"5":0,"6":0,"7":0,"8":0,"9":0,"10":0,"11":0,"12":0},"f":{"0":0},"b":{}}
,"/Users/charlhye/Documents/GitHub/Lab-Web-Tareas/Final/app/src/components/NotFound.js": {"path":"/Users/charlhye/Documents/GitHub/Lab-Web-Tareas/Final/app/src/components/NotFound.js","statementMap":{"0":{"start":{"line":1,"column":0},"end":{"line":null,"column":-1}},"1":{"start":{"line":2,"column":0},"end":{"line":null,"column":-1}},"2":{"start":{"line":3,"column":0},"end":{"line":null,"column":-1}},"3":{"start":{"line":7,"column":8},"end":{"line":null,"column":-1}},"4":{"start":{"line":8,"column":8},"end":{"line":null,"column":-1}},"5":{"start":{"line":12,"column":8},"end":{"line":null,"column":-1}},"6":{"start":{"line":13,"column":8},"end":{"line":null,"column":-1}},"7":{"start":{"line":17,"column":8},"end":{"line":null,"column":-1}}},"fnMap":{"0":{"name":"(anonymous_0)","decl":{"start":{"line":6,"column":4},"end":{"line":6,"column":21}},"loc":{"start":{"line":6,"column":25},"end":{"line":9,"column":5}}},"1":{"name":"(anonymous_1)","decl":{"start":{"line":11,"column":4},"end":{"line":11,"column":23}},"loc":{"start":{"line":11,"column":27},"end":{"line":14,"column":5}}},"2":{"name":"(anonymous_2)","decl":{"start":{"line":16,"column":4},"end":{"line":16,"column":9}},"loc":{"start":{"line":16,"column":13},"end":{"line":25,"column":5}}}},"branchMap":{},"s":{"0":0,"1":0,"2":0,"3":0,"4":0,"5":0,"6":0,"7":0},"f":{"0":0,"1":0,"2":0},"b":{}}
,"/Users/charlhye/Documents/GitHub/Lab-Web-Tareas/Final/app/src/components/Provider.js": {"path":"/Users/charlhye/Documents/GitHub/Lab-Web-Tareas/Final/app/src/components/Provider.js","statementMap":{"0":{"start":{"line":1,"column":0},"end":{"line":null,"column":-1}},"1":{"start":{"line":2,"column":0},"end":{"line":null,"column":-1}},"2":{"start":{"line":3,"column":0},"end":{"line":null,"column":-1}},"3":{"start":{"line":4,"column":0},"end":{"line":null,"column":-1}},"4":{"start":{"line":5,"column":0},"end":{"line":null,"column":-1}},"5":{"start":{"line":6,"column":0},"end":{"line":null,"column":-1}},"6":{"start":{"line":7,"column":0},"end":{"line":null,"column":-1}},"7":{"start":{"line":8,"column":0},"end":{"line":null,"column":-1}},"8":{"start":{"line":9,"column":48},"end":{"line":null,"column":-1}},"9":{"start":{"line":15,"column":8},"end":{"line":null,"column":-1}},"10":{"start":{"line":24,"column":8},"end":{"line":null,"column":-1}},"11":{"start":{"line":25,"column":8},"end":{"line":null,"column":-1}},"12":{"start":{"line":19,"column":8},"end":{"line":null,"column":-1}},"13":{"start":{"line":20,"column":8},"end":{"line":null,"column":-1}},"14":{"start":{"line":30,"column":19},"end":{"line":30,"column":8}},"15":{"start":{"line":31,"column":19},"end":{"line":31,"column":8}},"16":{"start":{"line":32,"column":20},"end":{"line":32,"column":8}},"17":{"start":{"line":33,"column":18},"end":{"line":33,"column":8}},"18":{"start":{"line":35,"column":8},"end":{"line":42,"column":9}},"19":{"start":{"line":36,"column":12},"end":{"line":null,"column":-1}},"20":{"start":{"line":37,"column":16},"end":{"line":null,"column":-1}},"21":{"start":{"line":38,"column":12},"end":{"line":null,"column":-1}},"22":{"start":{"line":40,"column":8},"end":{"line":null,"column":-1}},"23":{"start":{"line":41,"column":8},"end":{"line":null,"column":-1}},"24":{"start":{"line":43,"column":8},"end":{"line":null,"column":-1}}},"fnMap":{"0":{"name":"(anonymous_0)","decl":{"start":{"line":9,"column":48},"end":{"line":null,"column":-1}},"loc":{"start":{"line":9,"column":48},"end":{"line":null,"column":-1}}},"1":{"name":"(anonymous_1)","decl":{"start":{"line":14,"column":21},"end":{"line":14,"column":26}},"loc":{"start":{"line":14,"column":27},"end":{"line":9,"column":48}}},"2":{"name":"(anonymous_2)","decl":{"start":{"line":23,"column":16},"end":{"line":23,"column":21}},"loc":{"start":{"line":23,"column":22},"end":{"line":9,"column":48}}},"3":{"name":"(anonymous_3)","decl":{"start":{"line":18,"column":4},"end":{"line":18,"column":20}},"loc":{"start":{"line":18,"column":24},"end":{"line":21,"column":5}}},"4":{"name":"(anonymous_4)","decl":{"start":{"line":29,"column":4},"end":{"line":29,"column":9}},"loc":{"start":{"line":29,"column":13},"end":{"line":67,"column":5}}},"5":{"name":"(anonymous_5)","decl":{"start":{"line":36,"column":26},"end":{"line":36,"column":27}},"loc":{"start":{"line":36,"column":39},"end":{"line":36,"column":12}}}},"branchMap":{"0":{"loc":{"start":{"line":33,"column":42},"end":{"line":33,"column":18}},"type":"cond-expr","locations":[{"start":{"line":33,"column":42},"end":{"line":33,"column":18}},{"start":{"line":33,"column":73},"end":{"line":33,"column":8}}]},"1":{"loc":{"start":{"line":35,"column":8},"end":{"line":42,"column":9}},"type":"if","locations":[{"start":{"line":35,"column":8},"end":{"line":42,"column":9}},{"start":{"line":35,"column":8},"end":{"line":42,"column":9}}]},"2":{"loc":{"start":{"line":35,"column":11},"end":{"line":35,"column":10}},"type":"binary-expr","locations":[{"start":{"line":35,"column":11},"end":{"line":35,"column":10}},{"start":{"line":35,"column":33},"end":{"line":35,"column":8}}]}},"s":{"0":0,"1":0,"2":0,"3":0,"4":0,"5":0,"6":0,"7":0,"8":0,"9":0,"10":0,"11":0,"12":0,"13":0,"14":0,"15":0,"16":0,"17":0,"18":0,"19":0,"20":0,"21":0,"22":0,"23":0,"24":0},"f":{"0":0,"1":0,"2":0,"3":0,"4":0,"5":0},"b":{"0":[0,0],"1":[0,0],"2":[0,0]}}
,"/Users/charlhye/Documents/GitHub/Lab-Web-Tareas/Final/app/src/components/ResultItem.js": {"path":"/Users/charlhye/Documents/GitHub/Lab-Web-Tareas/Final/app/src/components/ResultItem.js","statementMap":{"0":{"start":{"line":1,"column":0},"end":{"line":null,"column":-1}},"1":{"start":{"line":2,"column":0},"end":{"line":null,"column":-1}},"2":{"start":{"line":3,"column":0},"end":{"line":null,"column":-1}},"3":{"start":{"line":4,"column":0},"end":{"line":null,"column":-1}},"4":{"start":{"line":9,"column":8},"end":{"line":null,"column":-1}},"5":{"start":{"line":10,"column":8},"end":{"line":null,"column":-1}}},"fnMap":{"0":{"name":"(anonymous_0)","decl":{"start":{"line":8,"column":4},"end":{"line":8,"column":9}},"loc":{"start":{"line":8,"column":13},"end":{"line":29,"column":5}}}},"branchMap":{},"s":{"0":0,"1":0,"2":0,"3":0,"4":0,"5":0},"f":{"0":0},"b":{}}
,"/Users/charlhye/Documents/GitHub/Lab-Web-Tareas/Final/app/src/components/ResultProviderTequila.js": {"path":"/Users/charlhye/Documents/GitHub/Lab-Web-Tareas/Final/app/src/components/ResultProviderTequila.js","statementMap":{"0":{"start":{"line":1,"column":0},"end":{"line":null,"column":-1}},"1":{"start":{"line":2,"column":0},"end":{"line":null,"column":-1}},"2":{"start":{"line":3,"column":0},"end":{"line":null,"column":-1}},"3":{"start":{"line":8,"column":8},"end":{"line":null,"column":-1}}},"fnMap":{"0":{"name":"(anonymous_0)","decl":{"start":{"line":7,"column":4},"end":{"line":7,"column":9}},"loc":{"start":{"line":7,"column":13},"end":{"line":15,"column":5}}}},"branchMap":{},"s":{"0":0,"1":0,"2":0,"3":0},"f":{"0":0},"b":{}}
,"/Users/charlhye/Documents/GitHub/Lab-Web-Tareas/Final/app/src/components/SectionHeader.js": {"path":"/Users/charlhye/Documents/GitHub/Lab-Web-Tareas/Final/app/src/components/SectionHeader.js","statementMap":{"0":{"start":{"line":1,"column":0},"end":{"line":null,"column":-1}},"1":{"start":{"line":2,"column":0},"end":{"line":null,"column":-1}},"2":{"start":{"line":3,"column":0},"end":{"line":null,"column":-1}},"3":{"start":{"line":7,"column":8},"end":{"line":null,"column":-1}}},"fnMap":{"0":{"name":"(anonymous_0)","decl":{"start":{"line":6,"column":4},"end":{"line":6,"column":9}},"loc":{"start":{"line":6,"column":13},"end":{"line":19,"column":5}}}},"branchMap":{},"s":{"0":0,"1":0,"2":0,"3":0},"f":{"0":0},"b":{}}
,"/Users/charlhye/Documents/GitHub/Lab-Web-Tareas/Final/app/src/components/Tequila.js": {"path":"/Users/charlhye/Documents/GitHub/Lab-Web-Tareas/Final/app/src/components/Tequila.js","statementMap":{"0":{"start":{"line":1,"column":0},"end":{"line":null,"column":-1}},"1":{"start":{"line":2,"column":0},"end":{"line":null,"column":-1}},"2":{"start":{"line":3,"column":0},"end":{"line":null,"column":-1}},"3":{"start":{"line":4,"column":0},"end":{"line":null,"column":-1}},"4":{"start":{"line":7,"column":0},"end":{"line":null,"column":-1}},"5":{"start":{"line":8,"column":0},"end":{"line":null,"column":-1}},"6":{"start":{"line":9,"column":0},"end":{"line":null,"column":-1}},"7":{"start":{"line":10,"column":0},"end":{"line":null,"column":-1}},"8":{"start":{"line":11,"column":0},"end":{"line":null,"column":-1}},"9":{"start":{"line":13,"column":47},"end":{"line":null,"column":-1}},"10":{"start":{"line":20,"column":8},"end":{"line":null,"column":-1}},"11":{"start":{"line":34,"column":8},"end":{"line":null,"column":-1}},"12":{"start":{"line":35,"column":8},"end":{"line":null,"column":-1}},"13":{"start":{"line":24,"column":8},"end":{"line":null,"column":-1}},"14":{"start":{"line":25,"column":8},"end":{"line":null,"column":-1}},"15":{"start":{"line":27,"column":8},"end":{"line":30,"column":9}},"16":{"start":{"line":28,"column":12},"end":{"line":null,"column":-1}},"17":{"start":{"line":29,"column":12},"end":{"line":null,"column":-1}},"18":{"start":{"line":40,"column":18},"end":{"line":40,"column":8}},"19":{"start":{"line":41,"column":27},"end":{"line":41,"column":8}},"20":{"start":{"line":43,"column":8},"end":{"line":null,"column":-1}}},"fnMap":{"0":{"name":"(anonymous_0)","decl":{"start":{"line":13,"column":47},"end":{"line":null,"column":-1}},"loc":{"start":{"line":13,"column":47},"end":{"line":null,"column":-1}}},"1":{"name":"(anonymous_1)","decl":{"start":{"line":19,"column":21},"end":{"line":19,"column":26}},"loc":{"start":{"line":19,"column":27},"end":{"line":13,"column":47}}},"2":{"name":"(anonymous_2)","decl":{"start":{"line":33,"column":16},"end":{"line":33,"column":21}},"loc":{"start":{"line":33,"column":22},"end":{"line":13,"column":47}}},"3":{"name":"(anonymous_3)","decl":{"start":{"line":23,"column":4},"end":{"line":23,"column":20}},"loc":{"start":{"line":23,"column":24},"end":{"line":31,"column":5}}},"4":{"name":"(anonymous_4)","decl":{"start":{"line":39,"column":4},"end":{"line":39,"column":9}},"loc":{"start":{"line":39,"column":13},"end":{"line":75,"column":5}}}},"branchMap":{"0":{"loc":{"start":{"line":27,"column":8},"end":{"line":30,"column":9}},"type":"if","locations":[{"start":{"line":27,"column":8},"end":{"line":30,"column":9}},{"start":{"line":27,"column":8},"end":{"line":30,"column":9}}]},"1":{"loc":{"start":{"line":40,"column":70},"end":{"line":40,"column":18}},"type":"cond-expr","locations":[{"start":{"line":40,"column":70},"end":{"line":40,"column":18}},{"start":{"line":40,"column":128},"end":{"line":40,"column":8}}]},"2":{"loc":{"start":{"line":41,"column":85},"end":{"line":41,"column":27}},"type":"cond-expr","locations":[{"start":{"line":41,"column":85},"end":{"line":41,"column":27}},{"start":{"line":41,"column":150},"end":{"line":41,"column":8}}]},"3":{"loc":{"start":{"line":44,"column":12},"end":{"line":43,"column":15}},"type":"cond-expr","locations":[{"start":{"line":44,"column":12},"end":{"line":43,"column":15}},{"start":{"line":74,"column":10},"end":{"line":43,"column":8}}]}},"s":{"0":0,"1":0,"2":0,"3":0,"4":0,"5":0,"6":0,"7":0,"8":0,"9":0,"10":0,"11":0,"12":0,"13":0,"14":0,"15":0,"16":0,"17":0,"18":0,"19":0,"20":0},"f":{"0":0,"1":0,"2":0,"3":0,"4":0},"b":{"0":[0,0],"1":[0,0],"2":[0,0],"3":[0,0]}}
,"/Users/charlhye/Documents/GitHub/Lab-Web-Tareas/Final/app/src/components/TequilaAttribute.js": {"path":"/Users/charlhye/Documents/GitHub/Lab-Web-Tareas/Final/app/src/components/TequilaAttribute.js","statementMap":{"0":{"start":{"line":1,"column":0},"end":{"line":null,"column":-1}},"1":{"start":{"line":5,"column":8},"end":{"line":null,"column":-1}}},"fnMap":{"0":{"name":"(anonymous_0)","decl":{"start":{"line":4,"column":4},"end":{"line":4,"column":9}},"loc":{"start":{"line":4,"column":13},"end":{"line":9,"column":5}}}},"branchMap":{},"s":{"0":0,"1":0},"f":{"0":0},"b":{}}
,"/Users/charlhye/Documents/GitHub/Lab-Web-Tareas/Final/app/src/components/UserHistory.js": {"path":"/Users/charlhye/Documents/GitHub/Lab-Web-Tareas/Final/app/src/components/UserHistory.js","statementMap":{"0":{"start":{"line":1,"column":0},"end":{"line":null,"column":-1}},"1":{"start":{"line":2,"column":0},"end":{"line":null,"column":-1}},"2":{"start":{"line":3,"column":0},"end":{"line":null,"column":-1}},"3":{"start":{"line":4,"column":0},"end":{"line":null,"column":-1}},"4":{"start":{"line":5,"column":0},"end":{"line":null,"column":-1}},"5":{"start":{"line":6,"column":0},"end":{"line":null,"column":-1}},"6":{"start":{"line":7,"column":0},"end":{"line":null,"column":-1}},"7":{"start":{"line":8,"column":0},"end":{"line":null,"column":-1}},"8":{"start":{"line":9,"column":0},"end":{"line":null,"column":-1}},"9":{"start":{"line":11,"column":48},"end":{"line":null,"column":-1}},"10":{"start":{"line":18,"column":8},"end":{"line":null,"column":-1}},"11":{"start":{"line":62,"column":8},"end":{"line":null,"column":-1}},"12":{"start":{"line":63,"column":8},"end":{"line":null,"column":-1}},"13":{"start":{"line":67,"column":8},"end":{"line":null,"column":-1}},"14":{"start":{"line":22,"column":8},"end":{"line":null,"column":-1}},"15":{"start":{"line":23,"column":8},"end":{"line":21,"column":24}},"16":{"start":{"line":29,"column":8},"end":{"line":21,"column":24}},"17":{"start":{"line":30,"column":12},"end":{"line":null,"column":-1}},"18":{"start":{"line":46,"column":19},"end":{"line":46,"column":8}},"19":{"start":{"line":47,"column":28},"end":{"line":47,"column":8}},"20":{"start":{"line":48,"column":17},"end":{"line":48,"column":8}},"21":{"start":{"line":49,"column":8},"end":{"line":57,"column":9}},"22":{"start":{"line":50,"column":18},"end":{"line":50,"column":10}},"23":{"start":{"line":51,"column":10},"end":{"line":53,"column":11}},"24":{"start":{"line":52,"column":12},"end":{"line":null,"column":-1}},"25":{"start":{"line":54,"column":10},"end":{"line":56,"column":11}},"26":{"start":{"line":55,"column":12},"end":{"line":null,"column":-1}},"27":{"start":{"line":58,"column":8},"end":{"line":null,"column":-1}},"28":{"start":{"line":71,"column":19},"end":{"line":71,"column":8}},"29":{"start":{"line":72,"column":19},"end":{"line":72,"column":8}},"30":{"start":{"line":74,"column":8},"end":{"line":79,"column":9}},"31":{"start":{"line":75,"column":12},"end":{"line":null,"column":-1}},"32":{"start":{"line":77,"column":16},"end":{"line":null,"column":-1}},"33":{"start":{"line":81,"column":8},"end":{"line":null,"column":-1}}},"fnMap":{"0":{"name":"(anonymous_0)","decl":{"start":{"line":11,"column":48},"end":{"line":null,"column":-1}},"loc":{"start":{"line":11,"column":48},"end":{"line":null,"column":-1}}},"1":{"name":"(anonymous_1)","decl":{"start":{"line":17,"column":21},"end":{"line":17,"column":26}},"loc":{"start":{"line":17,"column":27},"end":{"line":11,"column":48}}},"2":{"name":"(anonymous_2)","decl":{"start":{"line":61,"column":16},"end":{"line":61,"column":21}},"loc":{"start":{"line":61,"column":22},"end":{"line":11,"column":48}}},"3":{"name":"(anonymous_3)","decl":{"start":{"line":66,"column":26},"end":{"line":66,"column":25}},"loc":{"start":{"line":66,"column":32},"end":{"line":11,"column":48}}},"4":{"name":"(anonymous_4)","decl":{"start":{"line":21,"column":4},"end":{"line":21,"column":20}},"loc":{"start":{"line":21,"column":24},"end":{"line":43,"column":5}}},"5":{"name":"(anonymous_5)","decl":{"start":{"line":45,"column":4},"end":{"line":45,"column":12}},"loc":{"start":{"line":45,"column":21},"end":{"line":59,"column":5}}},"6":{"name":"(anonymous_6)","decl":{"start":{"line":70,"column":4},"end":{"line":70,"column":9}},"loc":{"start":{"line":70,"column":13},"end":{"line":105,"column":5}}},"7":{"name":"(anonymous_7)","decl":{"start":{"line":75,"column":25},"end":{"line":75,"column":26}},"loc":{"start":{"line":75,"column":38},"end":{"line":75,"column":12}}}},"branchMap":{"0":{"loc":{"start":{"line":29,"column":8},"end":{"line":21,"column":24}},"type":"if","locations":[{"start":{"line":29,"column":8},"end":{"line":21,"column":24}},{"start":{"line":29,"column":8},"end":{"line":21,"column":24}}]},"1":{"loc":{"start":{"line":54,"column":10},"end":{"line":56,"column":11}},"type":"if","locations":[{"start":{"line":54,"column":10},"end":{"line":56,"column":11}},{"start":{"line":54,"column":10},"end":{"line":56,"column":11}}]},"2":{"loc":{"start":{"line":74,"column":8},"end":{"line":79,"column":9}},"type":"if","locations":[{"start":{"line":74,"column":8},"end":{"line":79,"column":9}},{"start":{"line":74,"column":8},"end":{"line":79,"column":9}}]},"3":{"loc":{"start":{"line":74,"column":11},"end":{"line":74,"column":10}},"type":"binary-expr","locations":[{"start":{"line":74,"column":11},"end":{"line":74,"column":10}},{"start":{"line":74,"column":32},"end":{"line":74,"column":8}}]},"4":{"loc":{"start":{"line":82,"column":12},"end":{"line":81,"column":15}},"type":"cond-expr","locations":[{"start":{"line":82,"column":12},"end":{"line":81,"column":15}},{"start":{"line":104,"column":12},"end":{"line":81,"column":8}}]}},"s":{"0":0,"1":0,"2":0,"3":0,"4":0,"5":0,"6":0,"7":0,"8":0,"9":0,"10":0,"11":0,"12":0,"13":0,"14":0,"15":0,"16":0,"17":0,"18":0,"19":0,"20":0,"21":0,"22":0,"23":0,"24":0,"25":0,"26":0,"27":0,"28":0,"29":0,"30":0,"31":0,"32":0,"33":0},"f":{"0":0,"1":0,"2":0,"3":0,"4":0,"5":0,"6":0,"7":0},"b":{"0":[0,0],"1":[0,0],"2":[0,0],"3":[0,0],"4":[0,0]}}
,"/Users/charlhye/Documents/GitHub/Lab-Web-Tareas/Final/app/src/dispatcher/AppDispatcher.js": {"path":"/Users/charlhye/Documents/GitHub/Lab-Web-Tareas/Final/app/src/dispatcher/AppDispatcher.js","statementMap":{"0":{"start":{"line":4,"column":0},"end":{"line":null,"column":-1}},"1":{"start":{"line":5,"column":20},"end":{"line":5,"column":0}},"2":{"start":{"line":7,"column":0},"end":{"line":null,"column":-1}},"3":{"start":{"line":8,"column":2},"end":{"line":null,"column":-1}},"4":{"start":{"line":14,"column":0},"end":{"line":null,"column":-1}},"5":{"start":{"line":15,"column":2},"end":{"line":null,"column":-1}}},"fnMap":{"0":{"name":"(anonymous_0)","decl":{"start":{"line":7,"column":33},"end":{"line":7,"column":41}},"loc":{"start":{"line":7,"column":50},"end":{"line":7,"column":0}}},"1":{"name":"(anonymous_1)","decl":{"start":{"line":14,"column":35},"end":{"line":14,"column":43}},"loc":{"start":{"line":14,"column":52},"end":{"line":14,"column":0}}}},"branchMap":{},"s":{"0":0,"1":0,"2":0,"3":0,"4":0,"5":0},"f":{"0":0,"1":0},"b":{}}
,"/Users/charlhye/Documents/GitHub/Lab-Web-Tareas/Final/app/src/stores/Store.js": {"path":"/Users/charlhye/Documents/GitHub/Lab-Web-Tareas/Final/app/src/stores/Store.js","statementMap":{"0":{"start":{"line":6,"column":0},"end":{"line":null,"column":-1}},"1":{"start":{"line":7,"column":0},"end":{"line":null,"column":-1}},"2":{"start":{"line":8,"column":0},"end":{"line":null,"column":-1}},"3":{"start":{"line":9,"column":0},"end":{"line":null,"column":-1}},"4":{"start":{"line":10,"column":0},"end":{"line":null,"column":-1}},"5":{"start":{"line":14,"column":19},"end":{"line":14,"column":0}},"6":{"start":{"line":17,"column":14},"end":{"line":17,"column":0}},"7":{"start":{"line":22,"column":14},"end":{"line":22,"column":0}},"8":{"start":{"line":27,"column":14},"end":{"line":27,"column":0}},"9":{"start":{"line":36,"column":16},"end":{"line":36,"column":0}},"10":{"start":{"line":39,"column":4},"end":{"line":null,"column":-1}},"11":{"start":{"line":43,"column":4},"end":{"line":null,"column":-1}},"12":{"start":{"line":47,"column":4},"end":{"line":null,"column":-1}},"13":{"start":{"line":50,"column":4},"end":{"line":null,"column":-1}},"14":{"start":{"line":53,"column":4},"end":{"line":null,"column":-1}},"15":{"start":{"line":61,"column":0},"end":{"line":null,"column":-1}},"16":{"start":{"line":63,"column":15},"end":{"line":63,"column":2}},"17":{"start":{"line":64,"column":2},"end":{"line":null,"column":-1}},"18":{"start":{"line":65,"column":2},"end":{"line":null,"column":-1}},"19":{"start":{"line":68,"column":4},"end":{"line":67,"column":4}},"20":{"start":{"line":70,"column":20},"end":{"line":70,"column":6}},"21":{"start":{"line":72,"column":6},"end":{"line":null,"column":-1}},"22":{"start":{"line":73,"column":6},"end":{"line":77,"column":7}},"23":{"start":{"line":74,"column":8},"end":{"line":null,"column":-1}},"24":{"start":{"line":76,"column":8},"end":{"line":null,"column":-1}},"25":{"start":{"line":78,"column":6},"end":{"line":null,"column":-1}},"26":{"start":{"line":79,"column":6},"end":{"line":null,"column":-1}},"27":{"start":{"line":81,"column":22},"end":{"line":81,"column":6}},"28":{"start":{"line":82,"column":6},"end":{"line":null,"column":-1}},"29":{"start":{"line":83,"column":6},"end":{"line":null,"column":-1}},"30":{"start":{"line":84,"column":6},"end":{"line":88,"column":7}},"31":{"start":{"line":85,"column":8},"end":{"line":null,"column":-1}},"32":{"start":{"line":87,"column":8},"end":{"line":null,"column":-1}},"33":{"start":{"line":90,"column":6},"end":{"line":null,"column":-1}},"34":{"start":{"line":91,"column":6},"end":{"line":null,"column":-1}},"35":{"start":{"line":93,"column":22},"end":{"line":93,"column":6}},"36":{"start":{"line":94,"column":6},"end":{"line":null,"column":-1}},"37":{"start":{"line":95,"column":6},"end":{"line":92,"column":4}},"38":{"start":{"line":102,"column":6},"end":{"line":null,"column":-1}},"39":{"start":{"line":103,"column":6},"end":{"line":null,"column":-1}},"40":{"start":{"line":105,"column":22},"end":{"line":105,"column":6}},"41":{"start":{"line":107,"column":6},"end":{"line":null,"column":-1}},"42":{"start":{"line":109,"column":6},"end":{"line":null,"column":-1}}},"fnMap":{"0":{"name":"(anonymous_0)","decl":{"start":{"line":38,"column":21},"end":{"line":38,"column":29}},"loc":{"start":{"line":38,"column":34},"end":{"line":36,"column":58}}},"1":{"name":"(anonymous_1)","decl":{"start":{"line":42,"column":24},"end":{"line":42,"column":32}},"loc":{"start":{"line":42,"column":37},"end":{"line":36,"column":58}}},"2":{"name":"(anonymous_2)","decl":{"start":{"line":46,"column":18},"end":{"line":46,"column":28}},"loc":{"start":{"line":46,"column":29},"end":{"line":36,"column":58}}},"3":{"name":"(anonymous_3)","decl":{"start":{"line":49,"column":19},"end":{"line":49,"column":29}},"loc":{"start":{"line":49,"column":30},"end":{"line":36,"column":58}}},"4":{"name":"(anonymous_4)","decl":{"start":{"line":52,"column":15},"end":{"line":52,"column":25}},"loc":{"start":{"line":52,"column":26},"end":{"line":54,"column":3}}},"5":{"name":"(anonymous_5)","decl":{"start":{"line":61,"column":23},"end":{"line":61,"column":31}},"loc":{"start":{"line":61,"column":41},"end":{"line":61,"column":0}}}},"branchMap":{"0":{"loc":{"start":{"line":67,"column":4},"end":{"line":79,"column":6}},"type":"switch","locations":[{"start":{"line":67,"column":4},"end":{"line":79,"column":6}},{"start":{"line":80,"column":4},"end":{"line":91,"column":6}},{"start":{"line":92,"column":4},"end":{"line":103,"column":6}},{"start":{"line":104,"column":4},"end":{"line":107,"column":6}},{"start":{"line":108,"column":4},"end":{"line":109,"column":6}}]},"1":{"loc":{"start":{"line":73,"column":6},"end":{"line":77,"column":7}},"type":"if","locations":[{"start":{"line":73,"column":6},"end":{"line":77,"column":7}},{"start":{"line":73,"column":6},"end":{"line":77,"column":7}}]},"2":{"loc":{"start":{"line":84,"column":6},"end":{"line":88,"column":7}},"type":"if","locations":[{"start":{"line":84,"column":6},"end":{"line":88,"column":7}},{"start":{"line":84,"column":6},"end":{"line":88,"column":7}}]}},"s":{"0":0,"1":0,"2":0,"3":0,"4":0,"5":0,"6":0,"7":0,"8":0,"9":0,"10":0,"11":0,"12":0,"13":0,"14":0,"15":0,"16":0,"17":0,"18":0,"19":0,"20":0,"21":0,"22":0,"23":0,"24":0,"25":0,"26":0,"27":0,"28":0,"29":0,"30":0,"31":0,"32":0,"33":0,"34":0,"35":0,"36":0,"37":0,"38":0,"39":0,"40":0,"41":0,"42":0},"f":{"0":0,"1":0,"2":0,"3":0,"4":0,"5":0},"b":{"0":[0,0,0,0,0],"1":[0,0],"2":[0,0]}}
,"/Users/charlhye/Documents/GitHub/Lab-Web-Tareas/Final/app/src/utils/API.js": {"path":"/Users/charlhye/Documents/GitHub/Lab-Web-Tareas/Final/app/src/utils/API.js","statementMap":{"0":{"start":{"line":3,"column":0},"end":{"line":null,"column":-1}},"1":{"start":{"line":4,"column":0},"end":{"line":null,"column":-1}},"2":{"start":{"line":5,"column":0},"end":{"line":null,"column":-1}},"3":{"start":{"line":10,"column":10},"end":{"line":null,"column":-1}},"4":{"start":{"line":13,"column":4},"end":{"line":null,"column":-1}},"5":{"start":{"line":15,"column":8},"end":{"line":21,"column":9}},"6":{"start":{"line":16,"column":12},"end":{"line":null,"column":-1}},"7":{"start":{"line":17,"column":12},"end":{"line":null,"column":-1}},"8":{"start":{"line":20,"column":10},"end":{"line":null,"column":-1}},"9":{"start":{"line":26,"column":4},"end":{"line":null,"column":-1}},"10":{"start":{"line":28,"column":8},"end":{"line":34,"column":9}},"11":{"start":{"line":29,"column":12},"end":{"line":null,"column":-1}},"12":{"start":{"line":30,"column":12},"end":{"line":null,"column":-1}},"13":{"start":{"line":33,"column":10},"end":{"line":null,"column":-1}},"14":{"start":{"line":39,"column":17},"end":{"line":39,"column":4}},"15":{"start":{"line":47,"column":4},"end":{"line":null,"column":-1}},"16":{"start":{"line":49,"column":8},"end":{"line":null,"column":-1}},"17":{"start":{"line":50,"column":8},"end":{"line":56,"column":9}},"18":{"start":{"line":51,"column":12},"end":{"line":null,"column":-1}},"19":{"start":{"line":52,"column":12},"end":{"line":null,"column":-1}},"20":{"start":{"line":55,"column":10},"end":{"line":null,"column":-1}},"21":{"start":{"line":62,"column":4},"end":{"line":null,"column":-1}},"22":{"start":{"line":64,"column":8},"end":{"line":null,"column":-1}},"23":{"start":{"line":65,"column":8},"end":{"line":71,"column":9}},"24":{"start":{"line":66,"column":12},"end":{"line":null,"column":-1}},"25":{"start":{"line":67,"column":12},"end":{"line":null,"column":-1}},"26":{"start":{"line":70,"column":10},"end":{"line":null,"column":-1}}},"fnMap":{"0":{"name":"(anonymous_0)","decl":{"start":{"line":10,"column":10},"end":{"line":null,"column":-1}},"loc":{"start":{"line":10,"column":10},"end":{"line":null,"column":-1}}},"1":{"name":"(anonymous_1)","decl":{"start":{"line":12,"column":20},"end":{"line":12,"column":18}},"loc":{"start":{"line":12,"column":27},"end":{"line":10,"column":10}}},"2":{"name":"(anonymous_2)","decl":{"start":{"line":14,"column":12},"end":{"line":14,"column":19}},"loc":{"start":{"line":14,"column":24},"end":{"line":13,"column":4}}},"3":{"name":"(anonymous_3)","decl":{"start":{"line":25,"column":2},"end":{"line":25,"column":16}},"loc":{"start":{"line":25,"column":22},"end":{"line":36,"column":3}}},"4":{"name":"(anonymous_4)","decl":{"start":{"line":27,"column":12},"end":{"line":27,"column":19}},"loc":{"start":{"line":27,"column":24},"end":{"line":26,"column":4}}},"5":{"name":"(anonymous_5)","decl":{"start":{"line":38,"column":2},"end":{"line":38,"column":15}},"loc":{"start":{"line":38,"column":27},"end":{"line":58,"column":3}}},"6":{"name":"(anonymous_6)","decl":{"start":{"line":48,"column":12},"end":{"line":48,"column":19}},"loc":{"start":{"line":48,"column":24},"end":{"line":47,"column":4}}},"7":{"name":"(anonymous_7)","decl":{"start":{"line":60,"column":2},"end":{"line":60,"column":17}},"loc":{"start":{"line":60,"column":38},"end":{"line":73,"column":3}}},"8":{"name":"(anonymous_8)","decl":{"start":{"line":63,"column":12},"end":{"line":63,"column":19}},"loc":{"start":{"line":63,"column":24},"end":{"line":62,"column":4}}}},"branchMap":{"0":{"loc":{"start":{"line":15,"column":8},"end":{"line":21,"column":9}},"type":"if","locations":[{"start":{"line":15,"column":8},"end":{"line":21,"column":9}},{"start":{"line":15,"column":8},"end":{"line":21,"column":9}}]},"1":{"loc":{"start":{"line":28,"column":8},"end":{"line":34,"column":9}},"type":"if","locations":[{"start":{"line":28,"column":8},"end":{"line":34,"column":9}},{"start":{"line":28,"column":8},"end":{"line":34,"column":9}}]},"2":{"loc":{"start":{"line":50,"column":8},"end":{"line":56,"column":9}},"type":"if","locations":[{"start":{"line":50,"column":8},"end":{"line":56,"column":9}},{"start":{"line":50,"column":8},"end":{"line":56,"column":9}}]},"3":{"loc":{"start":{"line":65,"column":8},"end":{"line":71,"column":9}},"type":"if","locations":[{"start":{"line":65,"column":8},"end":{"line":71,"column":9}},{"start":{"line":65,"column":8},"end":{"line":71,"column":9}}]}},"s":{"0":0,"1":0,"2":0,"3":0,"4":0,"5":0,"6":0,"7":0,"8":0,"9":0,"10":0,"11":0,"12":0,"13":0,"14":0,"15":0,"16":0,"17":0,"18":0,"19":0,"20":0,"21":0,"22":0,"23":0,"24":0,"25":0,"26":0},"f":{"0":0,"1":0,"2":0,"3":0,"4":0,"5":0,"6":0,"7":0,"8":0},"b":{"0":[0,0],"1":[0,0],"2":[0,0],"3":[0,0]}}
}
