{"/Users/charlhye/Documents/GitHub/Lab-Web-Tareas/Final/app/src/App.js": {"path":"/Users/charlhye/Documents/GitHub/Lab-Web-Tareas/Final/app/src/App.js","statementMap":{"0":{"start":{"line":13,"column":21},"end":{"line":21,"column":9}},"1":{"start":{"line":23,"column":8},"end":{"line":23,"column":39}},"2":{"start":{"line":24,"column":8},"end":{"line":24,"column":76}},"3":{"start":{"line":25,"column":8},"end":{"line":25,"column":27}},"4":{"start":{"line":29,"column":8},"end":{"line":34,"column":17}}},"fnMap":{"0":{"name":"(anonymous_0)","decl":{"start":{"line":12,"column":4},"end":{"line":12,"column":5}},"loc":{"start":{"line":12,"column":25},"end":{"line":26,"column":5}},"line":12},"1":{"name":"(anonymous_1)","decl":{"start":{"line":28,"column":4},"end":{"line":28,"column":5}},"loc":{"start":{"line":28,"column":13},"end":{"line":35,"column":5}},"line":28}},"branchMap":{},"s":{"0":2,"1":2,"2":2,"3":2,"4":2},"f":{"0":2,"1":2},"b":{},"_coverageSchema":"332fd63041d2c1bcb487cc26dd0d5f7d97098a6c","hash":"a4c4dee95657f192abe674e7eb0c4d6592362c28"}
,"/Users/charlhye/Documents/GitHub/Lab-Web-Tareas/Final/app/src/index.js": {"path":"/Users/charlhye/Documents/GitHub/Lab-Web-Tareas/Final/app/src/index.js","statementMap":{"0":{"start":{"line":1,"column":0},"end":{"line":null,"column":-1}},"1":{"start":{"line":2,"column":0},"end":{"line":null,"column":-1}},"2":{"start":{"line":3,"column":0},"end":{"line":null,"column":-1}},"3":{"start":{"line":4,"column":0},"end":{"line":null,"column":-1}},"4":{"start":{"line":5,"column":0},"end":{"line":null,"column":-1}},"5":{"start":{"line":12,"column":0},"end":{"line":null,"column":-1}}},"fnMap":{},"branchMap":{},"s":{"0":0,"1":0,"2":0,"3":0,"4":0,"5":0},"f":{},"b":{}}
,"/Users/charlhye/Documents/GitHub/Lab-Web-Tareas/Final/app/src/serviceWorker.js": {"path":"/Users/charlhye/Documents/GitHub/Lab-Web-Tareas/Final/app/src/serviceWorker.js","statementMap":{"0":{"start":{"line":13,"column":20},"end":{"line":13,"column":0}},"1":{"start":{"line":24,"column":2},"end":{"line":54,"column":3}},"2":{"start":{"line":26,"column":22},"end":{"line":26,"column":4}},"3":{"start":{"line":27,"column":4},"end":{"line":32,"column":5}},"4":{"start":{"line":31,"column":6},"end":{"line":null,"column":-1}},"5":{"start":{"line":34,"column":4},"end":{"line":null,"column":-1}},"6":{"start":{"line":35,"column":21},"end":{"line":35,"column":6}},"7":{"start":{"line":37,"column":6},"end":{"line":52,"column":7}},"8":{"start":{"line":39,"column":8},"end":{"line":37,"column":23}},"9":{"start":{"line":43,"column":8},"end":{"line":null,"column":-1}},"10":{"start":{"line":44,"column":10},"end":{"line":null,"column":-1}},"11":{"start":{"line":51,"column":8},"end":{"line":null,"column":-1}},"12":{"start":{"line":58,"column":2},"end":{"line":null,"column":-1}},"13":{"start":{"line":61,"column":6},"end":{"line":null,"column":-1}},"14":{"start":{"line":62,"column":33},"end":{"line":62,"column":8}},"15":{"start":{"line":63,"column":8},"end":{"line":65,"column":9}},"16":{"start":{"line":64,"column":10},"end":{"line":null,"column":-1}},"17":{"start":{"line":66,"column":8},"end":{"line":null,"column":-1}},"18":{"start":{"line":67,"column":10},"end":{"line":92,"column":11}},"19":{"start":{"line":68,"column":12},"end":{"line":91,"column":13}},"20":{"start":{"line":72,"column":14},"end":{"line":68,"column":52}},"21":{"start":{"line":78,"column":14},"end":{"line":80,"column":15}},"22":{"start":{"line":79,"column":16},"end":{"line":null,"column":-1}},"23":{"start":{"line":85,"column":14},"end":{"line":81,"column":19}},"24":{"start":{"line":88,"column":14},"end":{"line":90,"column":15}},"25":{"start":{"line":89,"column":16},"end":{"line":null,"column":-1}},"26":{"start":{"line":97,"column":6},"end":{"line":null,"column":-1}},"27":{"start":{"line":103,"column":2},"end":{"line":null,"column":-1}},"28":{"start":{"line":106,"column":26},"end":{"line":106,"column":6}},"29":{"start":{"line":107,"column":6},"end":{"line":120,"column":7}},"30":{"start":{"line":112,"column":8},"end":{"line":null,"column":-1}},"31":{"start":{"line":113,"column":10},"end":{"line":null,"column":-1}},"32":{"start":{"line":114,"column":12},"end":{"line":null,"column":-1}},"33":{"start":{"line":119,"column":8},"end":{"line":null,"column":-1}},"34":{"start":{"line":123,"column":6},"end":{"line":null,"column":-1}},"35":{"start":{"line":130,"column":2},"end":{"line":134,"column":3}},"36":{"start":{"line":131,"column":4},"end":{"line":null,"column":-1}},"37":{"start":{"line":132,"column":6},"end":{"line":null,"column":-1}}},"fnMap":{"0":{"name":"register","decl":{"start":{"line":23,"column":16},"end":{"line":23,"column":7}},"loc":{"start":{"line":23,"column":33},"end":{"line":55,"column":1}}},"1":{"name":"(anonymous_1)","decl":{"start":{"line":34,"column":36},"end":{"line":34,"column":41}},"loc":{"start":{"line":34,"column":42},"end":{"line":34,"column":4}}},"2":{"name":"(anonymous_2)","decl":{"start":{"line":43,"column":43},"end":{"line":43,"column":48}},"loc":{"start":{"line":43,"column":49},"end":{"line":43,"column":8}}},"3":{"name":"registerValidSW","decl":{"start":{"line":57,"column":9},"end":{"line":57,"column":0}},"loc":{"start":{"line":57,"column":40},"end":{"line":99,"column":1}}},"4":{"name":"(anonymous_4)","decl":{"start":{"line":60,"column":10},"end":{"line":60,"column":21}},"loc":{"start":{"line":60,"column":26},"end":{"line":58,"column":2}}},"5":{"name":"(anonymous_5)","decl":{"start":{"line":61,"column":35},"end":{"line":61,"column":40}},"loc":{"start":{"line":61,"column":41},"end":{"line":61,"column":6}}},"6":{"name":"(anonymous_6)","decl":{"start":{"line":66,"column":41},"end":{"line":66,"column":46}},"loc":{"start":{"line":66,"column":47},"end":{"line":66,"column":8}}},"7":{"name":"(anonymous_7)","decl":{"start":{"line":96,"column":11},"end":{"line":96,"column":15}},"loc":{"start":{"line":96,"column":20},"end":{"line":58,"column":2}}},"8":{"name":"checkValidServiceWorker","decl":{"start":{"line":101,"column":9},"end":{"line":101,"column":0}},"loc":{"start":{"line":101,"column":48},"end":{"line":127,"column":1}}},"9":{"name":"(anonymous_9)","decl":{"start":{"line":104,"column":10},"end":{"line":104,"column":17}},"loc":{"start":{"line":104,"column":22},"end":{"line":103,"column":2}}},"10":{"name":"(anonymous_10)","decl":{"start":{"line":112,"column":43},"end":{"line":112,"column":54}},"loc":{"start":{"line":112,"column":59},"end":{"line":112,"column":8}}},"11":{"name":"(anonymous_11)","decl":{"start":{"line":113,"column":41},"end":{"line":113,"column":46}},"loc":{"start":{"line":113,"column":47},"end":{"line":113,"column":10}}},"12":{"name":"(anonymous_12)","decl":{"start":{"line":122,"column":11},"end":{"line":122,"column":16}},"loc":{"start":{"line":122,"column":17},"end":{"line":103,"column":2}}},"13":{"name":"unregister","decl":{"start":{"line":129,"column":16},"end":{"line":129,"column":7}},"loc":{"start":{"line":129,"column":29},"end":{"line":135,"column":1}}},"14":{"name":"(anonymous_14)","decl":{"start":{"line":131,"column":39},"end":{"line":131,"column":50}},"loc":{"start":{"line":131,"column":55},"end":{"line":131,"column":4}}}},"branchMap":{"0":{"loc":{"start":{"line":14,"column":2},"end":{"line":14,"column":1}},"type":"binary-expr","locations":[{"start":{"line":14,"column":2},"end":{"line":14,"column":1}},{"start":{"line":16,"column":4},"end":{"line":14,"column":2}},{"start":{"line":18,"column":4},"end":{"line":13,"column":27}}]},"1":{"loc":{"start":{"line":24,"column":2},"end":{"line":54,"column":3}},"type":"if","locations":[{"start":{"line":24,"column":2},"end":{"line":54,"column":3}},{"start":{"line":24,"column":2},"end":{"line":54,"column":3}}]},"2":{"loc":{"start":{"line":24,"column":6},"end":{"line":24,"column":5}},"type":"binary-expr","locations":[{"start":{"line":24,"column":6},"end":{"line":24,"column":5}},{"start":{"line":24,"column":47},"end":{"line":24,"column":2}}]},"3":{"loc":{"start":{"line":27,"column":4},"end":{"line":32,"column":5}},"type":"if","locations":[{"start":{"line":27,"column":4},"end":{"line":32,"column":5}},{"start":{"line":27,"column":4},"end":{"line":32,"column":5}}]},"4":{"loc":{"start":{"line":37,"column":6},"end":{"line":52,"column":7}},"type":"if","locations":[{"start":{"line":37,"column":6},"end":{"line":52,"column":7}},{"start":{"line":37,"column":6},"end":{"line":52,"column":7}}]},"5":{"loc":{"start":{"line":63,"column":8},"end":{"line":65,"column":9}},"type":"if","locations":[{"start":{"line":63,"column":8},"end":{"line":65,"column":9}},{"start":{"line":63,"column":8},"end":{"line":65,"column":9}}]},"6":{"loc":{"start":{"line":67,"column":10},"end":{"line":92,"column":11}},"type":"if","locations":[{"start":{"line":67,"column":10},"end":{"line":92,"column":11}},{"start":{"line":67,"column":10},"end":{"line":92,"column":11}}]},"7":{"loc":{"start":{"line":68,"column":12},"end":{"line":91,"column":13}},"type":"if","locations":[{"start":{"line":68,"column":12},"end":{"line":91,"column":13}},{"start":{"line":68,"column":12},"end":{"line":91,"column":13}}]},"8":{"loc":{"start":{"line":78,"column":14},"end":{"line":80,"column":15}},"type":"if","locations":[{"start":{"line":78,"column":14},"end":{"line":80,"column":15}},{"start":{"line":78,"column":14},"end":{"line":80,"column":15}}]},"9":{"loc":{"start":{"line":78,"column":18},"end":{"line":78,"column":24}},"type":"binary-expr","locations":[{"start":{"line":78,"column":18},"end":{"line":78,"column":24}},{"start":{"line":78,"column":28},"end":{"line":78,"column":14}}]},"10":{"loc":{"start":{"line":88,"column":14},"end":{"line":90,"column":15}},"type":"if","locations":[{"start":{"line":88,"column":14},"end":{"line":90,"column":15}},{"start":{"line":88,"column":14},"end":{"line":90,"column":15}}]},"11":{"loc":{"start":{"line":88,"column":18},"end":{"line":88,"column":24}},"type":"binary-expr","locations":[{"start":{"line":88,"column":18},"end":{"line":88,"column":24}},{"start":{"line":88,"column":28},"end":{"line":88,"column":14}}]},"12":{"loc":{"start":{"line":107,"column":6},"end":{"line":120,"column":7}},"type":"if","locations":[{"start":{"line":107,"column":6},"end":{"line":120,"column":7}},{"start":{"line":107,"column":6},"end":{"line":120,"column":7}}]},"13":{"loc":{"start":{"line":108,"column":8},"end":{"line":108,"column":7}},"type":"binary-expr","locations":[{"start":{"line":108,"column":8},"end":{"line":108,"column":7}},{"start":{"line":109,"column":9},"end":{"line":109,"column":8}},{"start":{"line":109,"column":32},"end":{"line":107,"column":6}}]},"14":{"loc":{"start":{"line":130,"column":2},"end":{"line":134,"column":3}},"type":"if","locations":[{"start":{"line":130,"column":2},"end":{"line":134,"column":3}},{"start":{"line":130,"column":2},"end":{"line":134,"column":3}}]}},"s":{"0":0,"1":0,"2":0,"3":0,"4":0,"5":0,"6":0,"7":0,"8":0,"9":0,"10":0,"11":0,"12":0,"13":0,"14":0,"15":0,"16":0,"17":0,"18":0,"19":0,"20":0,"21":0,"22":0,"23":0,"24":0,"25":0,"26":0,"27":0,"28":0,"29":0,"30":0,"31":0,"32":0,"33":0,"34":0,"35":0,"36":0,"37":0},"f":{"0":0,"1":0,"2":0,"3":0,"4":0,"5":0,"6":0,"7":0,"8":0,"9":0,"10":0,"11":0,"12":0,"13":0,"14":0},"b":{"0":[0,0,0],"1":[0,0],"2":[0,0],"3":[0,0],"4":[0,0],"5":[0,0],"6":[0,0],"7":[0,0],"8":[0,0],"9":[0,0],"10":[0,0],"11":[0,0],"12":[0,0],"13":[0,0,0],"14":[0,0]}}
,"/Users/charlhye/Documents/GitHub/Lab-Web-Tareas/Final/app/src/actions/Action.js": {"path":"/Users/charlhye/Documents/GitHub/Lab-Web-Tareas/Final/app/src/actions/Action.js","statementMap":{"0":{"start":{"line":5,"column":20},"end":{"line":5,"column":66}},"1":{"start":{"line":11,"column":4},"end":{"line":14,"column":7}},"2":{"start":{"line":16,"column":4},"end":{"line":16,"column":35}},"3":{"start":{"line":19,"column":4},"end":{"line":22,"column":7}},"4":{"start":{"line":24,"column":4},"end":{"line":24,"column":37}},"5":{"start":{"line":27,"column":4},"end":{"line":31,"column":7}},"6":{"start":{"line":33,"column":4},"end":{"line":33,"column":38}},"7":{"start":{"line":36,"column":4},"end":{"line":40,"column":7}},"8":{"start":{"line":41,"column":4},"end":{"line":41,"column":45}}},"fnMap":{"0":{"name":"(anonymous_0)","decl":{"start":{"line":10,"column":19},"end":{"line":10,"column":20}},"loc":{"start":{"line":10,"column":35},"end":{"line":17,"column":3}},"line":10},"1":{"name":"(anonymous_1)","decl":{"start":{"line":18,"column":2},"end":{"line":18,"column":3}},"loc":{"start":{"line":18,"column":31},"end":{"line":25,"column":3}},"line":18},"2":{"name":"(anonymous_2)","decl":{"start":{"line":26,"column":2},"end":{"line":26,"column":3}},"loc":{"start":{"line":26,"column":32},"end":{"line":34,"column":3}},"line":26},"3":{"name":"(anonymous_3)","decl":{"start":{"line":35,"column":2},"end":{"line":35,"column":3}},"loc":{"start":{"line":35,"column":39},"end":{"line":42,"column":3}},"line":35}},"branchMap":{},"s":{"0":3,"1":0,"2":0,"3":0,"4":0,"5":1,"6":1,"7":0,"8":0},"f":{"0":0,"1":0,"2":1,"3":0},"b":{},"_coverageSchema":"332fd63041d2c1bcb487cc26dd0d5f7d97098a6c","hash":"0f652da46b9d6d1a9140c85fdbfe25e457a4e400"}
,"/Users/charlhye/Documents/GitHub/Lab-Web-Tareas/Final/app/src/actions/ServerActions.js": {"path":"/Users/charlhye/Documents/GitHub/Lab-Web-Tareas/Final/app/src/actions/ServerActions.js","statementMap":{"0":{"start":{"line":4,"column":20},"end":{"line":4,"column":66}},"1":{"start":{"line":10,"column":4},"end":{"line":13,"column":7}},"2":{"start":{"line":16,"column":4},"end":{"line":19,"column":7}},"3":{"start":{"line":22,"column":4},"end":{"line":25,"column":7}},"4":{"start":{"line":28,"column":4},"end":{"line":31,"column":7}}},"fnMap":{"0":{"name":"(anonymous_0)","decl":{"start":{"line":9,"column":2},"end":{"line":9,"column":3}},"loc":{"start":{"line":9,"column":31},"end":{"line":14,"column":3}},"line":9},"1":{"name":"(anonymous_1)","decl":{"start":{"line":15,"column":2},"end":{"line":15,"column":3}},"loc":{"start":{"line":15,"column":32},"end":{"line":20,"column":3}},"line":15},"2":{"name":"(anonymous_2)","decl":{"start":{"line":21,"column":2},"end":{"line":21,"column":3}},"loc":{"start":{"line":21,"column":31},"end":{"line":26,"column":3}},"line":21},"3":{"name":"(anonymous_3)","decl":{"start":{"line":27,"column":2},"end":{"line":27,"column":3}},"loc":{"start":{"line":27,"column":29},"end":{"line":32,"column":3}},"line":27}},"branchMap":{},"s":{"0":3,"1":0,"2":0,"3":0,"4":0},"f":{"0":0,"1":0,"2":0,"3":0},"b":{},"_coverageSchema":"332fd63041d2c1bcb487cc26dd0d5f7d97098a6c","hash":"c44317d9bbe29c9d71193eeb97af1c75cfe6a55e"}
,"/Users/charlhye/Documents/GitHub/Lab-Web-Tareas/Final/app/src/components/Header.js": {"path":"/Users/charlhye/Documents/GitHub/Lab-Web-Tareas/Final/app/src/components/Header.js","statementMap":{"0":{"start":{"line":11,"column":8},"end":{"line":11,"column":21}},"1":{"start":{"line":12,"column":8},"end":{"line":15,"column":10}},"2":{"start":{"line":20,"column":8},"end":{"line":31,"column":9}},"3":{"start":{"line":21,"column":12},"end":{"line":30,"column":13}},"4":{"start":{"line":22,"column":16},"end":{"line":22,"column":35}},"5":{"start":{"line":23,"column":16},"end":{"line":23,"column":51}},"6":{"start":{"line":26,"column":16},"end":{"line":29,"column":19}},"7":{"start":{"line":35,"column":8},"end":{"line":35,"column":90}},"8":{"start":{"line":35,"column":29},"end":{"line":35,"column":90}},"9":{"start":{"line":37,"column":8},"end":{"line":51,"column":14}}},"fnMap":{"0":{"name":"(anonymous_0)","decl":{"start":{"line":10,"column":4},"end":{"line":10,"column":5}},"loc":{"start":{"line":10,"column":23},"end":{"line":17,"column":5}},"line":10},"1":{"name":"(anonymous_1)","decl":{"start":{"line":19,"column":25},"end":{"line":19,"column":26}},"loc":{"start":{"line":19,"column":38},"end":{"line":32,"column":5}},"line":19},"2":{"name":"(anonymous_2)","decl":{"start":{"line":34,"column":4},"end":{"line":34,"column":5}},"loc":{"start":{"line":34,"column":13},"end":{"line":52,"column":5}},"line":34}},"branchMap":{"0":{"loc":{"start":{"line":20,"column":8},"end":{"line":31,"column":9}},"type":"if","locations":[{"start":{"line":20,"column":8},"end":{"line":31,"column":9}},{"start":{"line":20,"column":8},"end":{"line":31,"column":9}}],"line":20},"1":{"loc":{"start":{"line":21,"column":12},"end":{"line":30,"column":13}},"type":"if","locations":[{"start":{"line":21,"column":12},"end":{"line":30,"column":13}},{"start":{"line":21,"column":12},"end":{"line":30,"column":13}}],"line":21},"2":{"loc":{"start":{"line":35,"column":8},"end":{"line":35,"column":90}},"type":"if","locations":[{"start":{"line":35,"column":8},"end":{"line":35,"column":90}},{"start":{"line":35,"column":8},"end":{"line":35,"column":90}}],"line":35}},"s":{"0":6,"1":6,"2":0,"3":0,"4":0,"5":0,"6":0,"7":6,"8":0,"9":6},"f":{"0":6,"1":0,"2":6},"b":{"0":[0,0],"1":[0,0],"2":[0,6]},"_coverageSchema":"332fd63041d2c1bcb487cc26dd0d5f7d97098a6c","hash":"8b959d814135552f981595be2fc4c3e575722017"}
,"/Users/charlhye/Documents/GitHub/Lab-Web-Tareas/Final/app/src/components/Home.js": {"path":"/Users/charlhye/Documents/GitHub/Lab-Web-Tareas/Final/app/src/components/Home.js","statementMap":{"0":{"start":{"line":15,"column":8},"end":{"line":15,"column":40}},"1":{"start":{"line":16,"column":8},"end":{"line":36,"column":11}},"2":{"start":{"line":17,"column":12},"end":{"line":25,"column":14}},"3":{"start":{"line":18,"column":16},"end":{"line":18,"column":72}},"4":{"start":{"line":19,"column":16},"end":{"line":19,"column":78}},"5":{"start":{"line":21,"column":16},"end":{"line":24,"column":18}},"6":{"start":{"line":35,"column":12},"end":{"line":35,"column":29}},"7":{"start":{"line":40,"column":23},"end":{"line":40,"column":70}},"8":{"start":{"line":41,"column":23},"end":{"line":41,"column":70}},"9":{"start":{"line":42,"column":8},"end":{"line":42,"column":47}},"10":{"start":{"line":46,"column":8},"end":{"line":73,"column":69}}},"fnMap":{"0":{"name":"(anonymous_0)","decl":{"start":{"line":14,"column":20},"end":{"line":14,"column":21}},"loc":{"start":{"line":14,"column":50},"end":{"line":37,"column":5}},"line":14},"1":{"name":"(anonymous_1)","decl":{"start":{"line":16,"column":82},"end":{"line":16,"column":83}},"loc":{"start":{"line":16,"column":100},"end":{"line":34,"column":9}},"line":16},"2":{"name":"(anonymous_2)","decl":{"start":{"line":17,"column":68},"end":{"line":17,"column":69}},"loc":{"start":{"line":17,"column":77},"end":{"line":25,"column":13}},"line":17},"3":{"name":"(anonymous_3)","decl":{"start":{"line":34,"column":17},"end":{"line":34,"column":18}},"loc":{"start":{"line":34,"column":24},"end":{"line":36,"column":9}},"line":34},"4":{"name":"(anonymous_4)","decl":{"start":{"line":39,"column":22},"end":{"line":39,"column":23}},"loc":{"start":{"line":39,"column":29},"end":{"line":44,"column":5}},"line":39},"5":{"name":"(anonymous_5)","decl":{"start":{"line":45,"column":4},"end":{"line":45,"column":5}},"loc":{"start":{"line":45,"column":13},"end":{"line":74,"column":5}},"line":45}},"branchMap":{"0":{"loc":{"start":{"line":46,"column":15},"end":{"line":73,"column":69}},"type":"cond-expr","locations":[{"start":{"line":47,"column":12},"end":{"line":72,"column":18}},{"start":{"line":73,"column":12},"end":{"line":73,"column":69}}],"line":46}},"s":{"0":2,"1":2,"2":1,"3":1,"4":1,"5":1,"6":1,"7":0,"8":0,"9":0,"10":5},"f":{"0":2,"1":1,"2":1,"3":1,"4":0,"5":5},"b":{"0":[4,1]},"_coverageSchema":"332fd63041d2c1bcb487cc26dd0d5f7d97098a6c","hash":"f0fc6d7664e18b0754eb420cbf48f8de13506cdb"}
,"/Users/charlhye/Documents/GitHub/Lab-Web-Tareas/Final/app/src/components/NavBar.js": {"path":"/Users/charlhye/Documents/GitHub/Lab-Web-Tareas/Final/app/src/components/NavBar.js","statementMap":{"0":{"start":{"line":1,"column":0},"end":{"line":null,"column":-1}},"1":{"start":{"line":2,"column":0},"end":{"line":null,"column":-1}},"2":{"start":{"line":3,"column":0},"end":{"line":null,"column":-1}},"3":{"start":{"line":4,"column":0},"end":{"line":null,"column":-1}},"4":{"start":{"line":5,"column":0},"end":{"line":null,"column":-1}},"5":{"start":{"line":6,"column":0},"end":{"line":null,"column":-1}},"6":{"start":{"line":7,"column":0},"end":{"line":null,"column":-1}},"7":{"start":{"line":8,"column":0},"end":{"line":null,"column":-1}},"8":{"start":{"line":9,"column":0},"end":{"line":null,"column":-1}},"9":{"start":{"line":15,"column":15},"end":{"line":15,"column":0}},"10":{"start":{"line":31,"column":21},"end":{"line":30,"column":23}},"11":{"start":{"line":32,"column":1},"end":{"line":null,"column":-1}},"12":{"start":{"line":49,"column":0},"end":{"line":null,"column":-1}}},"fnMap":{"0":{"name":"NavBar","decl":{"start":{"line":30,"column":9},"end":{"line":30,"column":0}},"loc":{"start":{"line":30,"column":23},"end":{"line":47,"column":1}}}},"branchMap":{},"s":{"0":0,"1":0,"2":0,"3":0,"4":0,"5":0,"6":0,"7":0,"8":0,"9":0,"10":0,"11":0,"12":0},"f":{"0":0},"b":{}}
,"/Users/charlhye/Documents/GitHub/Lab-Web-Tareas/Final/app/src/components/NotFound.js": {"path":"/Users/charlhye/Documents/GitHub/Lab-Web-Tareas/Final/app/src/components/NotFound.js","statementMap":{"0":{"start":{"line":7,"column":8},"end":{"line":7,"column":54}},"1":{"start":{"line":8,"column":8},"end":{"line":8,"column":44}},"2":{"start":{"line":12,"column":8},"end":{"line":12,"column":54}},"3":{"start":{"line":13,"column":8},"end":{"line":13,"column":44}},"4":{"start":{"line":17,"column":8},"end":{"line":24,"column":14}}},"fnMap":{"0":{"name":"(anonymous_0)","decl":{"start":{"line":6,"column":4},"end":{"line":6,"column":5}},"loc":{"start":{"line":6,"column":25},"end":{"line":9,"column":5}},"line":6},"1":{"name":"(anonymous_1)","decl":{"start":{"line":11,"column":4},"end":{"line":11,"column":5}},"loc":{"start":{"line":11,"column":27},"end":{"line":14,"column":5}},"line":11},"2":{"name":"(anonymous_2)","decl":{"start":{"line":16,"column":4},"end":{"line":16,"column":5}},"loc":{"start":{"line":16,"column":13},"end":{"line":25,"column":5}},"line":16}},"branchMap":{},"s":{"0":0,"1":0,"2":0,"3":0,"4":0},"f":{"0":0,"1":0,"2":0},"b":{},"_coverageSchema":"332fd63041d2c1bcb487cc26dd0d5f7d97098a6c","hash":"eeb950d9e979ea4e4a237964e85c7aa407ff143b"}
,"/Users/charlhye/Documents/GitHub/Lab-Web-Tareas/Final/app/src/components/Provider.js": {"path":"/Users/charlhye/Documents/GitHub/Lab-Web-Tareas/Final/app/src/components/Provider.js","statementMap":{"0":{"start":{"line":15,"column":8},"end":{"line":15,"column":104}},"1":{"start":{"line":19,"column":8},"end":{"line":19,"column":52}},"2":{"start":{"line":20,"column":8},"end":{"line":20,"column":73}},"3":{"start":{"line":24,"column":8},"end":{"line":24,"column":67}},"4":{"start":{"line":25,"column":8},"end":{"line":25,"column":31}},"5":{"start":{"line":30,"column":19},"end":{"line":30,"column":21}},"6":{"start":{"line":31,"column":19},"end":{"line":31,"column":51}},"7":{"start":{"line":32,"column":20},"end":{"line":32,"column":33}},"8":{"start":{"line":33,"column":18},"end":{"line":33,"column":75}},"9":{"start":{"line":35,"column":8},"end":{"line":42,"column":9}},"10":{"start":{"line":36,"column":12},"end":{"line":39,"column":15}},"11":{"start":{"line":37,"column":16},"end":{"line":37,"column":33}},"12":{"start":{"line":38,"column":12},"end":{"line":38,"column":94}},"13":{"start":{"line":40,"column":8},"end":{"line":40,"column":36}},"14":{"start":{"line":41,"column":8},"end":{"line":41,"column":27}},"15":{"start":{"line":43,"column":8},"end":{"line":66,"column":9}}},"fnMap":{"0":{"name":"(anonymous_0)","decl":{"start":{"line":14,"column":21},"end":{"line":14,"column":22}},"loc":{"start":{"line":14,"column":27},"end":{"line":16,"column":5}},"line":14},"1":{"name":"(anonymous_1)","decl":{"start":{"line":18,"column":4},"end":{"line":18,"column":5}},"loc":{"start":{"line":18,"column":24},"end":{"line":21,"column":5}},"line":18},"2":{"name":"(anonymous_2)","decl":{"start":{"line":23,"column":16},"end":{"line":23,"column":17}},"loc":{"start":{"line":23,"column":22},"end":{"line":26,"column":5}},"line":23},"3":{"name":"(anonymous_3)","decl":{"start":{"line":29,"column":4},"end":{"line":29,"column":5}},"loc":{"start":{"line":29,"column":13},"end":{"line":67,"column":5}},"line":29},"4":{"name":"(anonymous_4)","decl":{"start":{"line":36,"column":26},"end":{"line":36,"column":27}},"loc":{"start":{"line":36,"column":39},"end":{"line":39,"column":13}},"line":36}},"branchMap":{"0":{"loc":{"start":{"line":33,"column":18},"end":{"line":33,"column":75}},"type":"cond-expr","locations":[{"start":{"line":33,"column":42},"end":{"line":33,"column":71}},{"start":{"line":33,"column":73},"end":{"line":33,"column":75}}],"line":33},"1":{"loc":{"start":{"line":35,"column":8},"end":{"line":42,"column":9}},"type":"if","locations":[{"start":{"line":35,"column":8},"end":{"line":42,"column":9}},{"start":{"line":35,"column":8},"end":{"line":42,"column":9}}],"line":35},"2":{"loc":{"start":{"line":35,"column":11},"end":{"line":35,"column":49}},"type":"binary-expr","locations":[{"start":{"line":35,"column":11},"end":{"line":35,"column":29}},{"start":{"line":35,"column":33},"end":{"line":35,"column":49}}],"line":35}},"s":{"0":0,"1":0,"2":0,"3":0,"4":0,"5":0,"6":0,"7":0,"8":0,"9":0,"10":0,"11":0,"12":0,"13":0,"14":0,"15":0},"f":{"0":0,"1":0,"2":0,"3":0,"4":0},"b":{"0":[0,0],"1":[0,0],"2":[0,0]},"_coverageSchema":"332fd63041d2c1bcb487cc26dd0d5f7d97098a6c","hash":"d132baff483382180ba93d9cb816e37f8fda2dbb"}
,"/Users/charlhye/Documents/GitHub/Lab-Web-Tareas/Final/app/src/components/ResultItem.js": {"path":"/Users/charlhye/Documents/GitHub/Lab-Web-Tareas/Final/app/src/components/ResultItem.js","statementMap":{"0":{"start":{"line":9,"column":8},"end":{"line":9,"column":39}},"1":{"start":{"line":10,"column":18},"end":{"line":10,"column":61}},"2":{"start":{"line":12,"column":8},"end":{"line":30,"column":10}}},"fnMap":{"0":{"name":"(anonymous_0)","decl":{"start":{"line":8,"column":4},"end":{"line":8,"column":5}},"loc":{"start":{"line":8,"column":13},"end":{"line":31,"column":5}},"line":8}},"branchMap":{},"s":{"0":0,"1":0,"2":0},"f":{"0":0},"b":{},"_coverageSchema":"332fd63041d2c1bcb487cc26dd0d5f7d97098a6c","hash":"8dfe8ad61a76504b9134ac8361e4f4b9b7e1faea"}
,"/Users/charlhye/Documents/GitHub/Lab-Web-Tareas/Final/app/src/components/ResultProviderTequila.js": {"path":"/Users/charlhye/Documents/GitHub/Lab-Web-Tareas/Final/app/src/components/ResultProviderTequila.js","statementMap":{"0":{"start":{"line":8,"column":8},"end":{"line":14,"column":10}}},"fnMap":{"0":{"name":"(anonymous_0)","decl":{"start":{"line":7,"column":4},"end":{"line":7,"column":5}},"loc":{"start":{"line":7,"column":13},"end":{"line":15,"column":5}},"line":7}},"branchMap":{},"s":{"0":0},"f":{"0":0},"b":{},"_coverageSchema":"332fd63041d2c1bcb487cc26dd0d5f7d97098a6c","hash":"cdd7a9deec7ad740ce2d4555c872318284e81d0f"}
,"/Users/charlhye/Documents/GitHub/Lab-Web-Tareas/Final/app/src/components/SectionHeader.js": {"path":"/Users/charlhye/Documents/GitHub/Lab-Web-Tareas/Final/app/src/components/SectionHeader.js","statementMap":{"0":{"start":{"line":7,"column":8},"end":{"line":18,"column":14}}},"fnMap":{"0":{"name":"(anonymous_0)","decl":{"start":{"line":6,"column":4},"end":{"line":6,"column":5}},"loc":{"start":{"line":6,"column":13},"end":{"line":19,"column":5}},"line":6}},"branchMap":{},"s":{"0":1},"f":{"0":1},"b":{},"_coverageSchema":"332fd63041d2c1bcb487cc26dd0d5f7d97098a6c","hash":"65f9c0eb71fe0672e9cdb6036033feec860ff55b"}
,"/Users/charlhye/Documents/GitHub/Lab-Web-Tareas/Final/app/src/components/Tequila.js": {"path":"/Users/charlhye/Documents/GitHub/Lab-Web-Tareas/Final/app/src/components/Tequila.js","statementMap":{"0":{"start":{"line":20,"column":8},"end":{"line":20,"column":102}},"1":{"start":{"line":24,"column":8},"end":{"line":24,"column":52}},"2":{"start":{"line":25,"column":8},"end":{"line":25,"column":71}},"3":{"start":{"line":27,"column":8},"end":{"line":31,"column":9}},"4":{"start":{"line":28,"column":12},"end":{"line":28,"column":40}},"5":{"start":{"line":29,"column":12},"end":{"line":29,"column":59}},"6":{"start":{"line":30,"column":12},"end":{"line":30,"column":106}},"7":{"start":{"line":35,"column":19},"end":{"line":35,"column":30}},"8":{"start":{"line":36,"column":28},"end":{"line":36,"column":63}},"9":{"start":{"line":37,"column":17},"end":{"line":37,"column":41}},"10":{"start":{"line":38,"column":8},"end":{"line":46,"column":9}},"11":{"start":{"line":39,"column":18},"end":{"line":39,"column":23}},"12":{"start":{"line":40,"column":10},"end":{"line":42,"column":11}},"13":{"start":{"line":41,"column":12},"end":{"line":41,"column":31}},"14":{"start":{"line":43,"column":10},"end":{"line":45,"column":11}},"15":{"start":{"line":44,"column":12},"end":{"line":44,"column":54}},"16":{"start":{"line":47,"column":8},"end":{"line":47,"column":18}},"17":{"start":{"line":51,"column":8},"end":{"line":51,"column":65}},"18":{"start":{"line":52,"column":8},"end":{"line":52,"column":31}},"19":{"start":{"line":57,"column":18},"end":{"line":57,"column":130}},"20":{"start":{"line":58,"column":27},"end":{"line":58,"column":158}},"21":{"start":{"line":60,"column":8},"end":{"line":91,"column":22}}},"fnMap":{"0":{"name":"(anonymous_0)","decl":{"start":{"line":19,"column":21},"end":{"line":19,"column":22}},"loc":{"start":{"line":19,"column":27},"end":{"line":21,"column":5}},"line":19},"1":{"name":"(anonymous_1)","decl":{"start":{"line":23,"column":4},"end":{"line":23,"column":5}},"loc":{"start":{"line":23,"column":24},"end":{"line":32,"column":5}},"line":23},"2":{"name":"(anonymous_2)","decl":{"start":{"line":34,"column":4},"end":{"line":34,"column":5}},"loc":{"start":{"line":34,"column":21},"end":{"line":48,"column":5}},"line":34},"3":{"name":"(anonymous_3)","decl":{"start":{"line":50,"column":16},"end":{"line":50,"column":17}},"loc":{"start":{"line":50,"column":22},"end":{"line":53,"column":5}},"line":50},"4":{"name":"(anonymous_4)","decl":{"start":{"line":56,"column":4},"end":{"line":56,"column":5}},"loc":{"start":{"line":56,"column":13},"end":{"line":92,"column":5}},"line":56}},"branchMap":{"0":{"loc":{"start":{"line":27,"column":8},"end":{"line":31,"column":9}},"type":"if","locations":[{"start":{"line":27,"column":8},"end":{"line":31,"column":9}},{"start":{"line":27,"column":8},"end":{"line":31,"column":9}}],"line":27},"1":{"loc":{"start":{"line":43,"column":10},"end":{"line":45,"column":11}},"type":"if","locations":[{"start":{"line":43,"column":10},"end":{"line":45,"column":11}},{"start":{"line":43,"column":10},"end":{"line":45,"column":11}}],"line":43},"2":{"loc":{"start":{"line":57,"column":18},"end":{"line":57,"column":130}},"type":"cond-expr","locations":[{"start":{"line":57,"column":70},"end":{"line":57,"column":125}},{"start":{"line":57,"column":128},"end":{"line":57,"column":130}}],"line":57},"3":{"loc":{"start":{"line":58,"column":27},"end":{"line":58,"column":158}},"type":"cond-expr","locations":[{"start":{"line":58,"column":88},"end":{"line":58,"column":152}},{"start":{"line":58,"column":156},"end":{"line":58,"column":158}}],"line":58},"4":{"loc":{"start":{"line":60,"column":15},"end":{"line":91,"column":22}},"type":"cond-expr","locations":[{"start":{"line":61,"column":12},"end":{"line":90,"column":18}},{"start":{"line":91,"column":10},"end":{"line":91,"column":22}}],"line":60}},"s":{"0":0,"1":0,"2":0,"3":0,"4":0,"5":0,"6":0,"7":0,"8":0,"9":0,"10":0,"11":0,"12":0,"13":0,"14":0,"15":0,"16":0,"17":0,"18":0,"19":0,"20":0,"21":0},"f":{"0":0,"1":0,"2":0,"3":0,"4":0},"b":{"0":[0,0],"1":[0,0],"2":[0,0],"3":[0,0],"4":[0,0]},"_coverageSchema":"332fd63041d2c1bcb487cc26dd0d5f7d97098a6c","hash":"575f5de47009e69d0b8b0a81d058898ceeb18d13"}
,"/Users/charlhye/Documents/GitHub/Lab-Web-Tareas/Final/app/src/components/TequilaAttribute.js": {"path":"/Users/charlhye/Documents/GitHub/Lab-Web-Tareas/Final/app/src/components/TequilaAttribute.js","statementMap":{"0":{"start":{"line":5,"column":8},"end":{"line":8,"column":14}}},"fnMap":{"0":{"name":"(anonymous_0)","decl":{"start":{"line":4,"column":4},"end":{"line":4,"column":5}},"loc":{"start":{"line":4,"column":13},"end":{"line":9,"column":5}},"line":4}},"branchMap":{},"s":{"0":0},"f":{"0":0},"b":{},"_coverageSchema":"332fd63041d2c1bcb487cc26dd0d5f7d97098a6c","hash":"3677a2ae032d01d17ff370e490bd80728f47a00d"}
,"/Users/charlhye/Documents/GitHub/Lab-Web-Tareas/Final/app/src/components/UserHistory.js": {"path":"/Users/charlhye/Documents/GitHub/Lab-Web-Tareas/Final/app/src/components/UserHistory.js","statementMap":{"0":{"start":{"line":18,"column":8},"end":{"line":18,"column":96}},"1":{"start":{"line":22,"column":8},"end":{"line":22,"column":52}},"2":{"start":{"line":23,"column":8},"end":{"line":23,"column":73}},"3":{"start":{"line":29,"column":8},"end":{"line":31,"column":9}},"4":{"start":{"line":30,"column":12},"end":{"line":30,"column":43}},"5":{"start":{"line":46,"column":19},"end":{"line":46,"column":30}},"6":{"start":{"line":47,"column":28},"end":{"line":47,"column":63}},"7":{"start":{"line":48,"column":17},"end":{"line":48,"column":41}},"8":{"start":{"line":49,"column":8},"end":{"line":57,"column":9}},"9":{"start":{"line":50,"column":18},"end":{"line":50,"column":23}},"10":{"start":{"line":51,"column":10},"end":{"line":53,"column":11}},"11":{"start":{"line":52,"column":12},"end":{"line":52,"column":31}},"12":{"start":{"line":54,"column":10},"end":{"line":56,"column":11}},"13":{"start":{"line":55,"column":12},"end":{"line":55,"column":54}},"14":{"start":{"line":58,"column":8},"end":{"line":58,"column":18}},"15":{"start":{"line":62,"column":8},"end":{"line":62,"column":59}},"16":{"start":{"line":63,"column":8},"end":{"line":63,"column":40}},"17":{"start":{"line":67,"column":8},"end":{"line":67,"column":109}},"18":{"start":{"line":71,"column":19},"end":{"line":71,"column":21}},"19":{"start":{"line":72,"column":19},"end":{"line":72,"column":51}},"20":{"start":{"line":74,"column":8},"end":{"line":79,"column":9}},"21":{"start":{"line":75,"column":12},"end":{"line":78,"column":15}},"22":{"start":{"line":77,"column":16},"end":{"line":77,"column":115}},"23":{"start":{"line":81,"column":8},"end":{"line":104,"column":31}}},"fnMap":{"0":{"name":"(anonymous_0)","decl":{"start":{"line":17,"column":21},"end":{"line":17,"column":22}},"loc":{"start":{"line":17,"column":27},"end":{"line":19,"column":5}},"line":17},"1":{"name":"(anonymous_1)","decl":{"start":{"line":21,"column":4},"end":{"line":21,"column":5}},"loc":{"start":{"line":21,"column":24},"end":{"line":43,"column":5}},"line":21},"2":{"name":"(anonymous_2)","decl":{"start":{"line":45,"column":4},"end":{"line":45,"column":5}},"loc":{"start":{"line":45,"column":21},"end":{"line":59,"column":5}},"line":45},"3":{"name":"(anonymous_3)","decl":{"start":{"line":61,"column":16},"end":{"line":61,"column":17}},"loc":{"start":{"line":61,"column":22},"end":{"line":64,"column":5}},"line":61},"4":{"name":"(anonymous_4)","decl":{"start":{"line":66,"column":25},"end":{"line":66,"column":26}},"loc":{"start":{"line":66,"column":32},"end":{"line":68,"column":5}},"line":66},"5":{"name":"(anonymous_5)","decl":{"start":{"line":70,"column":4},"end":{"line":70,"column":5}},"loc":{"start":{"line":70,"column":13},"end":{"line":105,"column":5}},"line":70},"6":{"name":"(anonymous_6)","decl":{"start":{"line":75,"column":25},"end":{"line":75,"column":26}},"loc":{"start":{"line":75,"column":38},"end":{"line":78,"column":13}},"line":75}},"branchMap":{"0":{"loc":{"start":{"line":29,"column":8},"end":{"line":31,"column":9}},"type":"if","locations":[{"start":{"line":29,"column":8},"end":{"line":31,"column":9}},{"start":{"line":29,"column":8},"end":{"line":31,"column":9}}],"line":29},"1":{"loc":{"start":{"line":54,"column":10},"end":{"line":56,"column":11}},"type":"if","locations":[{"start":{"line":54,"column":10},"end":{"line":56,"column":11}},{"start":{"line":54,"column":10},"end":{"line":56,"column":11}}],"line":54},"2":{"loc":{"start":{"line":74,"column":8},"end":{"line":79,"column":9}},"type":"if","locations":[{"start":{"line":74,"column":8},"end":{"line":79,"column":9}},{"start":{"line":74,"column":8},"end":{"line":79,"column":9}}],"line":74},"3":{"loc":{"start":{"line":74,"column":11},"end":{"line":74,"column":47}},"type":"binary-expr","locations":[{"start":{"line":74,"column":11},"end":{"line":74,"column":28}},{"start":{"line":74,"column":32},"end":{"line":74,"column":47}}],"line":74},"4":{"loc":{"start":{"line":81,"column":15},"end":{"line":104,"column":31}},"type":"cond-expr","locations":[{"start":{"line":82,"column":12},"end":{"line":103,"column":18}},{"start":{"line":104,"column":12},"end":{"line":104,"column":31}}],"line":81}},"s":{"0":0,"1":1,"2":1,"3":1,"4":0,"5":1,"6":1,"7":1,"8":1,"9":1,"10":1,"11":0,"12":1,"13":1,"14":0,"15":0,"16":0,"17":0,"18":1,"19":1,"20":1,"21":0,"22":0,"23":1},"f":{"0":0,"1":1,"2":1,"3":0,"4":0,"5":1,"6":0},"b":{"0":[0,1],"1":[1,0],"2":[0,1],"3":[1,0],"4":[1,0]},"_coverageSchema":"332fd63041d2c1bcb487cc26dd0d5f7d97098a6c","hash":"8c2baaf408969a3a568fe1a10b424d6219f5f621"}
,"/Users/charlhye/Documents/GitHub/Lab-Web-Tareas/Final/app/src/constants/Constants.js": {"path":"/Users/charlhye/Documents/GitHub/Lab-Web-Tareas/Final/app/src/constants/Constants.js","statementMap":{},"fnMap":{},"branchMap":{},"s":{},"f":{},"b":{},"_coverageSchema":"332fd63041d2c1bcb487cc26dd0d5f7d97098a6c","hash":"4dec088b69541bc9f3a5e227ec8a18b79a1dd663"}
,"/Users/charlhye/Documents/GitHub/Lab-Web-Tareas/Final/app/src/dispatcher/AppDispatcher.js": {"path":"/Users/charlhye/Documents/GitHub/Lab-Web-Tareas/Final/app/src/dispatcher/AppDispatcher.js","statementMap":{"0":{"start":{"line":5,"column":20},"end":{"line":5,"column":36}},"1":{"start":{"line":7,"column":0},"end":{"line":12,"column":1}},"2":{"start":{"line":8,"column":2},"end":{"line":11,"column":5}},"3":{"start":{"line":14,"column":0},"end":{"line":19,"column":1}},"4":{"start":{"line":15,"column":2},"end":{"line":18,"column":5}}},"fnMap":{"0":{"name":"(anonymous_0)","decl":{"start":{"line":7,"column":33},"end":{"line":7,"column":34}},"loc":{"start":{"line":7,"column":50},"end":{"line":12,"column":1}},"line":7},"1":{"name":"(anonymous_1)","decl":{"start":{"line":14,"column":35},"end":{"line":14,"column":36}},"loc":{"start":{"line":14,"column":52},"end":{"line":19,"column":1}},"line":14}},"branchMap":{},"s":{"0":3,"1":3,"2":1,"3":3,"4":0},"f":{"0":1,"1":0},"b":{},"_coverageSchema":"332fd63041d2c1bcb487cc26dd0d5f7d97098a6c","hash":"87de93af52a53ac24d99b2161c2c124c59e288a1"}
,"/Users/charlhye/Documents/GitHub/Lab-Web-Tareas/Final/app/src/stores/Store.js": {"path":"/Users/charlhye/Documents/GitHub/Lab-Web-Tareas/Final/app/src/stores/Store.js","statementMap":{"0":{"start":{"line":14,"column":19},"end":{"line":14,"column":27}},"1":{"start":{"line":17,"column":14},"end":{"line":20,"column":1}},"2":{"start":{"line":22,"column":14},"end":{"line":25,"column":1}},"3":{"start":{"line":27,"column":14},"end":{"line":31,"column":1}},"4":{"start":{"line":36,"column":16},"end":{"line":56,"column":2}},"5":{"start":{"line":39,"column":4},"end":{"line":39,"column":30}},"6":{"start":{"line":43,"column":4},"end":{"line":43,"column":42}},"7":{"start":{"line":47,"column":4},"end":{"line":47,"column":19}},"8":{"start":{"line":50,"column":4},"end":{"line":50,"column":19}},"9":{"start":{"line":53,"column":4},"end":{"line":53,"column":19}},"10":{"start":{"line":61,"column":0},"end":{"line":113,"column":3}},"11":{"start":{"line":63,"column":15},"end":{"line":63,"column":29}},"12":{"start":{"line":64,"column":2},"end":{"line":64,"column":21}},"13":{"start":{"line":65,"column":2},"end":{"line":112,"column":3}},"14":{"start":{"line":68,"column":4},"end":{"line":68,"column":33}},"15":{"start":{"line":70,"column":20},"end":{"line":70,"column":35}},"16":{"start":{"line":72,"column":6},"end":{"line":72,"column":31}},"17":{"start":{"line":73,"column":6},"end":{"line":77,"column":7}},"18":{"start":{"line":74,"column":8},"end":{"line":74,"column":29}},"19":{"start":{"line":76,"column":8},"end":{"line":76,"column":28}},"20":{"start":{"line":78,"column":6},"end":{"line":78,"column":35}},"21":{"start":{"line":79,"column":6},"end":{"line":79,"column":12}},"22":{"start":{"line":81,"column":22},"end":{"line":81,"column":37}},"23":{"start":{"line":82,"column":6},"end":{"line":82,"column":33}},"24":{"start":{"line":83,"column":6},"end":{"line":83,"column":27}},"25":{"start":{"line":84,"column":6},"end":{"line":88,"column":7}},"26":{"start":{"line":85,"column":8},"end":{"line":85,"column":28}},"27":{"start":{"line":87,"column":8},"end":{"line":87,"column":29}},"28":{"start":{"line":90,"column":6},"end":{"line":90,"column":35}},"29":{"start":{"line":91,"column":6},"end":{"line":91,"column":12}},"30":{"start":{"line":93,"column":22},"end":{"line":93,"column":37}},"31":{"start":{"line":94,"column":6},"end":{"line":94,"column":27}},"32":{"start":{"line":95,"column":6},"end":{"line":95,"column":29}},"33":{"start":{"line":102,"column":6},"end":{"line":102,"column":35}},"34":{"start":{"line":103,"column":6},"end":{"line":103,"column":12}},"35":{"start":{"line":105,"column":6},"end":{"line":107,"column":7}},"36":{"start":{"line":106,"column":8},"end":{"line":106,"column":54}},"37":{"start":{"line":109,"column":6},"end":{"line":109,"column":35}},"38":{"start":{"line":111,"column":6},"end":{"line":111,"column":18}}},"fnMap":{"0":{"name":"(anonymous_0)","decl":{"start":{"line":38,"column":21},"end":{"line":38,"column":22}},"loc":{"start":{"line":38,"column":34},"end":{"line":40,"column":3}},"line":38},"1":{"name":"(anonymous_1)","decl":{"start":{"line":42,"column":24},"end":{"line":42,"column":25}},"loc":{"start":{"line":42,"column":37},"end":{"line":44,"column":3}},"line":42},"2":{"name":"(anonymous_2)","decl":{"start":{"line":46,"column":18},"end":{"line":46,"column":19}},"loc":{"start":{"line":46,"column":29},"end":{"line":48,"column":3}},"line":46},"3":{"name":"(anonymous_3)","decl":{"start":{"line":49,"column":19},"end":{"line":49,"column":20}},"loc":{"start":{"line":49,"column":30},"end":{"line":51,"column":3}},"line":49},"4":{"name":"(anonymous_4)","decl":{"start":{"line":52,"column":15},"end":{"line":52,"column":16}},"loc":{"start":{"line":52,"column":26},"end":{"line":54,"column":3}},"line":52},"5":{"name":"(anonymous_5)","decl":{"start":{"line":61,"column":23},"end":{"line":61,"column":24}},"loc":{"start":{"line":61,"column":41},"end":{"line":113,"column":1}},"line":61}},"branchMap":{"0":{"loc":{"start":{"line":65,"column":2},"end":{"line":112,"column":3}},"type":"switch","locations":[{"start":{"line":67,"column":4},"end":{"line":79,"column":12}},{"start":{"line":80,"column":4},"end":{"line":91,"column":12}},{"start":{"line":92,"column":4},"end":{"line":103,"column":12}},{"start":{"line":104,"column":4},"end":{"line":109,"column":35}},{"start":{"line":110,"column":4},"end":{"line":111,"column":18}}],"line":65},"1":{"loc":{"start":{"line":73,"column":6},"end":{"line":77,"column":7}},"type":"if","locations":[{"start":{"line":73,"column":6},"end":{"line":77,"column":7}},{"start":{"line":73,"column":6},"end":{"line":77,"column":7}}],"line":73},"2":{"loc":{"start":{"line":84,"column":6},"end":{"line":88,"column":7}},"type":"if","locations":[{"start":{"line":84,"column":6},"end":{"line":88,"column":7}},{"start":{"line":84,"column":6},"end":{"line":88,"column":7}}],"line":84},"3":{"loc":{"start":{"line":105,"column":6},"end":{"line":107,"column":7}},"type":"if","locations":[{"start":{"line":105,"column":6},"end":{"line":107,"column":7}},{"start":{"line":105,"column":6},"end":{"line":107,"column":7}}],"line":105}},"s":{"0":3,"1":3,"2":3,"3":3,"4":3,"5":1,"6":0,"7":0,"8":0,"9":1,"10":3,"11":1,"12":1,"13":1,"14":0,"15":0,"16":0,"17":0,"18":0,"19":0,"20":0,"21":0,"22":0,"23":0,"24":0,"25":0,"26":0,"27":0,"28":0,"29":0,"30":0,"31":0,"32":0,"33":0,"34":0,"35":0,"36":0,"37":0,"38":1},"f":{"0":1,"1":0,"2":0,"3":0,"4":1,"5":1},"b":{"0":[0,0,0,0,1],"1":[0,0],"2":[0,0],"3":[0,0]},"_coverageSchema":"332fd63041d2c1bcb487cc26dd0d5f7d97098a6c","hash":"f4c83c4528d495b76cef1f8c53672ed1b63d6f02"}
,"/Users/charlhye/Documents/GitHub/Lab-Web-Tareas/Final/app/src/utils/API.js": {"path":"/Users/charlhye/Documents/GitHub/Lab-Web-Tareas/Final/app/src/utils/API.js","statementMap":{"0":{"start":{"line":13,"column":16},"end":{"line":26,"column":6}},"1":{"start":{"line":27,"column":4},"end":{"line":36,"column":7}},"2":{"start":{"line":29,"column":8},"end":{"line":29,"column":50}},"3":{"start":{"line":30,"column":8},"end":{"line":35,"column":9}},"4":{"start":{"line":31,"column":12},"end":{"line":31,"column":76}},"5":{"start":{"line":34,"column":10},"end":{"line":34,"column":77}},"6":{"start":{"line":40,"column":16},"end":{"line":48,"column":6}},"7":{"start":{"line":50,"column":4},"end":{"line":50,"column":23}},"8":{"start":{"line":52,"column":4},"end":{"line":80,"column":7}},"9":{"start":{"line":54,"column":8},"end":{"line":79,"column":9}},"10":{"start":{"line":55,"column":25},"end":{"line":55,"column":52}},"11":{"start":{"line":57,"column":10},"end":{"line":68,"column":12}},"12":{"start":{"line":70,"column":10},"end":{"line":75,"column":12}},"13":{"start":{"line":72,"column":12},"end":{"line":72,"column":39}},"14":{"start":{"line":73,"column":12},"end":{"line":73,"column":65}},"15":{"start":{"line":74,"column":12},"end":{"line":74,"column":56}},"16":{"start":{"line":78,"column":10},"end":{"line":78,"column":84}},"17":{"start":{"line":84,"column":16},"end":{"line":94,"column":6}},"18":{"start":{"line":96,"column":4},"end":{"line":127,"column":7}},"19":{"start":{"line":98,"column":8},"end":{"line":98,"column":33}},"20":{"start":{"line":99,"column":8},"end":{"line":99,"column":30}},"21":{"start":{"line":100,"column":8},"end":{"line":126,"column":9}},"22":{"start":{"line":101,"column":21},"end":{"line":101,"column":42}},"23":{"start":{"line":102,"column":10},"end":{"line":102,"column":46}},"24":{"start":{"line":104,"column":22},"end":{"line":115,"column":12}},"25":{"start":{"line":105,"column":73},"end":{"line":105,"column":91}},"26":{"start":{"line":117,"column":10},"end":{"line":122,"column":12}},"27":{"start":{"line":119,"column":12},"end":{"line":119,"column":56}},"28":{"start":{"line":120,"column":12},"end":{"line":120,"column":30}},"29":{"start":{"line":121,"column":12},"end":{"line":121,"column":51}},"30":{"start":{"line":125,"column":10},"end":{"line":125,"column":86}},"31":{"start":{"line":131,"column":16},"end":{"line":133,"column":6}},"32":{"start":{"line":134,"column":4},"end":{"line":142,"column":7}},"33":{"start":{"line":136,"column":8},"end":{"line":136,"column":33}},"34":{"start":{"line":137,"column":8},"end":{"line":141,"column":9}},"35":{"start":{"line":138,"column":10},"end":{"line":138,"column":56}},"36":{"start":{"line":140,"column":10},"end":{"line":140,"column":57}}},"fnMap":{"0":{"name":"(anonymous_0)","decl":{"start":{"line":12,"column":19},"end":{"line":12,"column":20}},"loc":{"start":{"line":12,"column":27},"end":{"line":37,"column":3}},"line":12},"1":{"name":"(anonymous_1)","decl":{"start":{"line":28,"column":12},"end":{"line":28,"column":13}},"loc":{"start":{"line":28,"column":24},"end":{"line":36,"column":5}},"line":28},"2":{"name":"(anonymous_2)","decl":{"start":{"line":39,"column":2},"end":{"line":39,"column":3}},"loc":{"start":{"line":39,"column":22},"end":{"line":81,"column":3}},"line":39},"3":{"name":"(anonymous_3)","decl":{"start":{"line":53,"column":12},"end":{"line":53,"column":13}},"loc":{"start":{"line":53,"column":24},"end":{"line":80,"column":5}},"line":53},"4":{"name":"(anonymous_4)","decl":{"start":{"line":71,"column":16},"end":{"line":71,"column":17}},"loc":{"start":{"line":71,"column":28},"end":{"line":75,"column":11}},"line":71},"5":{"name":"(anonymous_5)","decl":{"start":{"line":83,"column":2},"end":{"line":83,"column":3}},"loc":{"start":{"line":83,"column":27},"end":{"line":128,"column":3}},"line":83},"6":{"name":"(anonymous_6)","decl":{"start":{"line":97,"column":12},"end":{"line":97,"column":13}},"loc":{"start":{"line":97,"column":24},"end":{"line":127,"column":5}},"line":97},"7":{"name":"(anonymous_7)","decl":{"start":{"line":105,"column":62},"end":{"line":105,"column":63}},"loc":{"start":{"line":105,"column":73},"end":{"line":105,"column":91}},"line":105},"8":{"name":"(anonymous_8)","decl":{"start":{"line":118,"column":16},"end":{"line":118,"column":17}},"loc":{"start":{"line":118,"column":28},"end":{"line":122,"column":11}},"line":118},"9":{"name":"(anonymous_9)","decl":{"start":{"line":130,"column":2},"end":{"line":130,"column":3}},"loc":{"start":{"line":130,"column":38},"end":{"line":143,"column":3}},"line":130},"10":{"name":"(anonymous_10)","decl":{"start":{"line":135,"column":12},"end":{"line":135,"column":13}},"loc":{"start":{"line":135,"column":24},"end":{"line":142,"column":5}},"line":135}},"branchMap":{"0":{"loc":{"start":{"line":30,"column":8},"end":{"line":35,"column":9}},"type":"if","locations":[{"start":{"line":30,"column":8},"end":{"line":35,"column":9}},{"start":{"line":30,"column":8},"end":{"line":35,"column":9}}],"line":30},"1":{"loc":{"start":{"line":54,"column":8},"end":{"line":79,"column":9}},"type":"if","locations":[{"start":{"line":54,"column":8},"end":{"line":79,"column":9}},{"start":{"line":54,"column":8},"end":{"line":79,"column":9}}],"line":54},"2":{"loc":{"start":{"line":100,"column":8},"end":{"line":126,"column":9}},"type":"if","locations":[{"start":{"line":100,"column":8},"end":{"line":126,"column":9}},{"start":{"line":100,"column":8},"end":{"line":126,"column":9}}],"line":100},"3":{"loc":{"start":{"line":137,"column":8},"end":{"line":141,"column":9}},"type":"if","locations":[{"start":{"line":137,"column":8},"end":{"line":141,"column":9}},{"start":{"line":137,"column":8},"end":{"line":141,"column":9}}],"line":137}},"s":{"0":0,"1":0,"2":0,"3":0,"4":0,"5":0,"6":0,"7":0,"8":0,"9":0,"10":0,"11":0,"12":0,"13":0,"14":0,"15":0,"16":0,"17":1,"18":1,"19":0,"20":0,"21":0,"22":0,"23":0,"24":0,"25":0,"26":0,"27":0,"28":0,"29":0,"30":0,"31":0,"32":0,"33":0,"34":0,"35":0,"36":0},"f":{"0":0,"1":0,"2":0,"3":0,"4":0,"5":1,"6":0,"7":0,"8":0,"9":0,"10":0},"b":{"0":[0,0],"1":[0,0],"2":[0,0],"3":[0,0]},"_coverageSchema":"332fd63041d2c1bcb487cc26dd0d5f7d97098a6c","hash":"1d32db07ff6a77439e579b95acca4243b256d2b4"}
}
